"../../../Engine/Content/EditorResources/S_Actor.uasset" 0
"../../../Engine/Content/EditorResources/S_Actor.uexp" 1
"../../../Engine/Content/EditorResources/S_Actor.ubulk" 2
"../../../Engine/Content/EditorResources/S_BoxReflectionCapture.uexp" 3
"../../../Engine/Content/EditorResources/S_BoxReflectionCapture.uasset" 4
"../../../Engine/Content/EngineResources/DefaultTexture.ubulk" 5
"../../../Engine/Content/EngineResources/DefaultTexture.uasset" 6
"../../../Engine/Content/EngineResources/DefaultTexture.uexp" 7
"../../../Engine/Content/EngineResources/DefaultTextureCube.uexp" 8
"../../../Engine/Content/EngineResources/DefaultTextureCube.uasset" 9
"../../../Engine/Content/EngineResources/DefaultVolumeTexture2D.uasset" 10
"../../../Engine/Content/EngineResources/DefaultVolumeTexture2D.uexp" 11
"../../../Engine/Content/EngineResources/DefaultVolumeTexture.uexp" 12
"../../../Engine/Content/EngineResources/DefaultVolumeTexture.uasset" 13
"../../../Engine/Content/EditorResources/S_Trigger.uexp" 14
"../../../Engine/Content/EditorResources/S_Trigger.uasset" 15
"../../../Engine/Content/EditorResources/S_Trigger.ubulk" 16
"../../../Engine/Content/EditorResources/S_TriggerBox.uasset" 17
"../../../Engine/Content/EditorResources/S_TriggerBox.uexp" 18
"../../../Engine/Content/EditorResources/S_TriggerCapsule.uasset" 19
"../../../Engine/Content/EditorResources/S_TriggerCapsule.uexp" 20
"../../../Engine/Content/EditorResources/S_TriggerSphere.uexp" 21
"../../../Engine/Content/EditorResources/S_TriggerSphere.uasset" 22
"../../../Engine/Content/EngineMeshes/Sphere.uasset" 23
"../../../Engine/Content/EngineMeshes/Sphere.uexp" 24
"../../../Engine/Content/EngineMeshes/Sphere.ubulk" 25
"../../../Engine/Content/EngineResources/GradientTexture0.uexp" 26
"../../../Engine/Content/EngineResources/GradientTexture0.uasset" 27
"../../../Engine/Content/EngineResources/Black.uexp" 28
"../../../Engine/Content/EngineResources/Black.uasset" 29
"../../../Engine/Content/EditorMaterials/Camera/CineMat.uasset" 30
"../../../Engine/Content/EditorMaterials/Camera/CineMat.uexp" 31
"../../../Engine/Content/EditorMaterials/Camera/MI_CineMat_Rig.uexp" 32
"../../../Engine/Content/EditorMaterials/Camera/MI_CineMat_Rig.uasset" 33
"../../../Engine/Content/EditorMeshes/Camera/SM_CraneRig_Base.ubulk" 34
"../../../Engine/Content/EditorMeshes/Camera/SM_CraneRig_Base.uexp" 35
"../../../Engine/Content/EditorMeshes/Camera/SM_CraneRig_Base.uasset" 36
"../../../Engine/Content/EditorMeshes/Camera/SM_CraneRig_Arm.uexp" 37
"../../../Engine/Content/EditorMeshes/Camera/SM_CraneRig_Arm.uasset" 38
"../../../Engine/Content/EditorMeshes/Camera/SM_CraneRig_Arm.ubulk" 39
"../../../Engine/Content/EditorMeshes/Camera/SM_CraneRig_Mount.uexp" 40
"../../../Engine/Content/EditorMeshes/Camera/SM_CraneRig_Mount.ubulk" 41
"../../../Engine/Content/EditorMeshes/Camera/SM_CraneRig_Mount.uasset" 42
"../../../Engine/Content/EditorMeshes/Camera/SM_CraneRig_Body.ubulk" 43
"../../../Engine/Content/EditorMeshes/Camera/SM_CraneRig_Body.uexp" 44
"../../../Engine/Content/EditorMeshes/Camera/SM_CraneRig_Body.uasset" 45
"../../../Engine/Content/EditorMeshes/Camera/SM_RailRig_Track.uexp" 46
"../../../Engine/Content/EditorMeshes/Camera/SM_RailRig_Track.ubulk" 47
"../../../Engine/Content/EditorMeshes/Camera/SM_RailRig_Track.uasset" 48
"../../../Engine/Content/EditorMeshes/Camera/SM_RailRig_Mount.uexp" 49
"../../../Engine/Content/EditorMeshes/Camera/SM_RailRig_Mount.ubulk" 50
"../../../Engine/Content/EditorMeshes/Camera/SM_RailRig_Mount.uasset" 51
"../../../Engine/Content/EngineMaterials/T_Default_Material_Grid_M.uexp" 52
"../../../Engine/Content/EngineMaterials/T_Default_Material_Grid_M.ubulk" 53
"../../../Engine/Content/EngineMaterials/T_Default_Material_Grid_M.uasset" 54
"../../../Engine/Content/EngineMaterials/T_Default_Material_Grid_N.uasset" 55
"../../../Engine/Content/EngineMaterials/T_Default_Material_Grid_N.ubulk" 56
"../../../Engine/Content/EngineMaterials/T_Default_Material_Grid_N.uexp" 57
"../../../Engine/Content/Functions/Engine_MaterialFunctions01/Opacity/CameraDepthFade.uexp" 58
"../../../Engine/Content/Functions/Engine_MaterialFunctions01/Opacity/CameraDepthFade.uasset" 59
"../../../Engine/Content/EngineMaterials/WorldGridMaterial.uasset" 60
"../../../Engine/Content/EngineMaterials/WorldGridMaterial.uexp" 61
"../../../Engine/Content/ArtTools/RenderToTexture/Meshes/S_1_Unit_Plane.uexp" 62
"../../../Engine/Content/ArtTools/RenderToTexture/Meshes/S_1_Unit_Plane.uasset" 63
"../../../Engine/Content/ArtTools/RenderToTexture/Meshes/S_1_Unit_Plane.ubulk" 64
"../../../Engine/Content/EditorMaterials/ParticleSystems/PSysThumbnail_NoImage.ubulk" 65
"../../../Engine/Content/EditorMaterials/ParticleSystems/PSysThumbnail_NoImage.uexp" 66
"../../../Engine/Content/EditorMaterials/ParticleSystems/PSysThumbnail_NoImage.uasset" 67
"../../../Engine/Content/EditorMaterials/ParticleSystems/PSysThumbnail_OOD.uexp" 68
"../../../Engine/Content/EditorMaterials/ParticleSystems/PSysThumbnail_OOD.uasset" 69
"../../../Engine/Content/EditorMaterials/ParticleSystems/PSysThumbnail_OOD.ubulk" 70
"../../../Engine/Content/EditorLandscapeResources/SplineEditorMeshMat.uasset" 71
"../../../Engine/Content/EditorLandscapeResources/SplineEditorMeshMat.uexp" 72
"../../../Engine/Content/EditorLandscapeResources/SplineEditorMesh.ubulk" 73
"../../../Engine/Content/EditorLandscapeResources/SplineEditorMesh.uasset" 74
"../../../Engine/Content/EditorLandscapeResources/SplineEditorMesh.uexp" 75
"../../../Engine/Content/VREditor/LaserPointer/VR_LaserPower_01.uexp" 76
"../../../Engine/Content/VREditor/LaserPointer/VR_LaserPower_01.ubulk" 77
"../../../Engine/Content/VREditor/LaserPointer/VR_LaserPower_01.uasset" 78
"../../../Engine/Content/VREditor/TransformGizmo/TransformGizmoMaterial.uexp" 79
"../../../Engine/Content/VREditor/TransformGizmo/TransformGizmoMaterial.uasset" 80
"../../../Engine/Content/VREditor/TransformGizmo/TranslucentTransformGizmoMaterial.uexp" 81
"../../../Engine/Content/VREditor/TransformGizmo/TranslucentTransformGizmoMaterial.uasset" 82
"../../../Engine/Content/VREditor/TransformGizmo/PlaneTranslationHandle.uexp" 83
"../../../Engine/Content/VREditor/TransformGizmo/PlaneTranslationHandle.ubulk" 84
"../../../Engine/Content/VREditor/TransformGizmo/PlaneTranslationHandle.uasset" 85
"../../../Engine/Content/VREditor/TransformGizmo/BoundingBoxCorner.ubulk" 86
"../../../Engine/Content/VREditor/TransformGizmo/BoundingBoxCorner.uasset" 87
"../../../Engine/Content/VREditor/TransformGizmo/BoundingBoxCorner.uexp" 88
"../../../Engine/Content/VREditor/TransformGizmo/BoundingBoxEdge.ubulk" 89
"../../../Engine/Content/VREditor/TransformGizmo/BoundingBoxEdge.uexp" 90
"../../../Engine/Content/VREditor/TransformGizmo/BoundingBoxEdge.uasset" 91
"../../../Engine/Content/VREditor/TransformGizmo/Main.uasset" 92
"../../../Engine/Content/VREditor/TransformGizmo/Main.uexp" 93
"../../../Engine/Content/VREditor/TransformGizmo/Xray.uasset" 94
"../../../Engine/Content/VREditor/TransformGizmo/Xray.uexp" 95
"../../../Engine/Content/VREditor/TransformGizmo/SM_Sequencer_Node.ubulk" 96
"../../../Engine/Content/VREditor/TransformGizmo/SM_Sequencer_Node.uasset" 97
"../../../Engine/Content/VREditor/TransformGizmo/SM_Sequencer_Node.uexp" 98
"../../../Engine/Content/EditorResources/S_Solver.ubulk" 99
"../../../Engine/Content/EditorResources/S_Solver.uasset" 100
"../../../Engine/Content/EditorResources/S_Solver.uexp" 101
"../../../Engine/Plugins/Media/MediaPlate/Content/SM_MediaPlateScreen.uasset" 102
"../../../Engine/Plugins/Media/MediaPlate/Content/SM_MediaPlateScreen.uexp" 103
"../../../Engine/Plugins/Media/MediaPlate/Content/SM_MediaPlateScreen.ubulk" 104
"../../../Engine/Content/EngineMaterials/Good64x64TilingNoiseHighFreq.uexp" 105
"../../../Engine/Content/EngineMaterials/Good64x64TilingNoiseHighFreq.uasset" 106
"../../../Engine/Content/EngineMaterials/DefaultBokeh.uasset" 107
"../../../Engine/Content/EngineMaterials/DefaultBokeh.uexp" 108
"../../../Engine/Content/EngineMaterials/PreintegratedSkinBRDF.uasset" 109
"../../../Engine/Content/EngineMaterials/PreintegratedSkinBRDF.uexp" 110
"../../../Engine/Content/EngineMaterials/MiniFont.uasset" 111
"../../../Engine/Content/EngineMaterials/MiniFont.uexp" 112
"../../../Engine/Content/EngineMaterials/WeightMapPlaceholderTexture.uasset" 113
"../../../Engine/Content/EngineMaterials/WeightMapPlaceholderTexture.uexp" 114
"../../../Engine/Content/EngineMaterials/DefaultWhiteGrid.uexp" 115
"../../../Engine/Content/EngineMaterials/DefaultWhiteGrid.uasset" 116
"../../../Engine/Content/EngineMaterials/DefaultWhiteGrid.ubulk" 117
"../../../Engine/Content/BasicShapes/BasicShapeMaterial.uexp" 118
"../../../Engine/Content/BasicShapes/BasicShapeMaterial.uasset" 119
"../../../Engine/Content/EngineMaterials/DefaultMaterial.uasset" 120
"../../../Engine/Content/EngineMaterials/DefaultMaterial.uexp" 121
"../../../Engine/Content/BasicShapes/Cone.uasset" 122
"../../../Engine/Content/BasicShapes/Cone.uexp" 123
"../../../Engine/Content/BasicShapes/Cone.ubulk" 124
"../../../Engine/Content/BasicShapes/Sphere.uasset" 125
"../../../Engine/Content/BasicShapes/Sphere.uexp" 126
"../../../Engine/Content/BasicShapes/Sphere.ubulk" 127
"../../../Engine/Content/BasicShapes/Cube.uexp" 128
"../../../Engine/Content/BasicShapes/Cube.ubulk" 129
"../../../Engine/Content/BasicShapes/Cube.uasset" 130
"../../../Engine/Content/BasicShapes/Cylinder.uasset" 131
"../../../Engine/Content/BasicShapes/Cylinder.ubulk" 132
"../../../Engine/Content/BasicShapes/Cylinder.uexp" 133
"../../../Engine/Content/BasicShapes/Plane.uexp" 134
"../../../Engine/Content/BasicShapes/Plane.ubulk" 135
"../../../Engine/Content/BasicShapes/Plane.uasset" 136
"../../../Engine/Content/EditorLandscapeResources/DataLayer.uexp" 137
"../../../Engine/Content/EditorLandscapeResources/DataLayer.uasset" 138
"../../../Engine/Content/EditorLandscapeResources/DefaultAlphaTexture.uasset" 139
"../../../Engine/Content/EditorLandscapeResources/DefaultAlphaTexture.uexp" 140
"../../../Engine/Content/EditorMaterials/PhAT_UnselectedMaterial.uexp" 141
"../../../Engine/Content/EditorMaterials/PhAT_UnselectedMaterial.uasset" 142
"../../../Engine/Content/EditorMaterials/PreviewShadowIndicator.uexp" 143
"../../../Engine/Content/EditorMaterials/PreviewShadowIndicator.ubulk" 144
"../../../Engine/Content/EditorMaterials/PreviewShadowIndicator.uasset" 145
"../../../Engine/Content/EditorMaterials/PreviewShadowIndicatorMaterial.uasset" 146
"../../../Engine/Content/EditorMaterials/PreviewShadowIndicatorMaterial.uexp" 147
"../../../Engine/Content/EditorMaterials/PhAT_NoCollisionMaterial.uasset" 148
"../../../Engine/Content/EditorMaterials/PhAT_NoCollisionMaterial.uexp" 149
"../../../Engine/Content/Functions/Engine_MaterialFunctions02/Utility/MakeFloat4.uasset" 150
"../../../Engine/Content/Functions/Engine_MaterialFunctions02/Utility/MakeFloat4.uexp" 151
"../../../Engine/Content/Functions/Engine_MaterialFunctions02/Utility/MakeFloat3.uasset" 152
"../../../Engine/Content/Functions/Engine_MaterialFunctions02/Utility/MakeFloat3.uexp" 153
"../../../Engine/Content/Functions/Engine_MaterialFunctions02/Utility/BreakOutFloat3Components.uexp" 154
"../../../Engine/Content/Functions/Engine_MaterialFunctions02/Utility/BreakOutFloat3Components.uasset" 155
"../../../Engine/Content/EditorMaterials/WorldPartition/WorldPartitionSpatialHashGridPreviewMaterial.uexp" 156
"../../../Engine/Content/EditorMaterials/WorldPartition/WorldPartitionSpatialHashGridPreviewMaterial.uasset" 157
"../../../Engine/Content/EditorResources/BSPVertex.uexp" 158
"../../../Engine/Content/EditorResources/BSPVertex.uasset" 159
"../../../Engine/Content/EditorResources/S_Terrain.ubulk" 160
"../../../Engine/Content/EditorResources/S_Terrain.uexp" 161
"../../../Engine/Content/EditorResources/S_Terrain.uasset" 162
"../../../Engine/Content/EditorResources/EmptyActor.uexp" 163
"../../../Engine/Content/EditorResources/EmptyActor.uasset" 164
"../../../Engine/Content/EditorResources/SequenceRecorder/Countdown.uasset" 165
"../../../Engine/Content/EditorResources/SequenceRecorder/Countdown.uexp" 166
"../../../Engine/Content/EditorResources/SequenceRecorder/RecordingIndicator.uexp" 167
"../../../Engine/Content/EditorResources/SequenceRecorder/RecordingIndicator.uasset" 168
"../../../Engine/Content/EngineDamageTypes/DmgTypeBP_Environmental.uasset" 169
"../../../Engine/Content/EngineDamageTypes/DmgTypeBP_Environmental.uexp" 170
"../../../Engine/Content/EngineDebugMaterials/DebugEditorMaterial.uexp" 171
"../../../Engine/Content/EngineDebugMaterials/DebugEditorMaterial.uasset" 172
"../../../Engine/Content/EngineDebugMaterials/M_SimpleUnlitTranslucent.uasset" 173
"../../../Engine/Content/EngineDebugMaterials/M_SimpleUnlitTranslucent.uexp" 174
"../../../Engine/Content/Functions/Engine_MaterialFunctions02/Utility/CameraDirectionVector.uasset" 175
"../../../Engine/Content/Functions/Engine_MaterialFunctions02/Utility/CameraDirectionVector.uexp" 176
"../../../Engine/Content/EngineDebugMaterials/VolumeToRender.uasset" 177
"../../../Engine/Content/EngineDebugMaterials/VolumeToRender.uexp" 178
"../../../Engine/Content/EngineDebugMaterials/M_VolumeRenderSphereTracePP.uexp" 179
"../../../Engine/Content/EngineDebugMaterials/M_VolumeRenderSphereTracePP.uasset" 180
"../../../Engine/Content/EngineDebugMaterials/DebugMeshMaterial.uasset" 181
"../../../Engine/Content/EngineDebugMaterials/DebugMeshMaterial.uexp" 182
"../../../Engine/Content/EngineFonts/Faces/RobotoLight.ufont" 183
"../../../Engine/Content/EngineFonts/Faces/RobotoLight.uexp" 184
"../../../Engine/Content/EngineFonts/Faces/RobotoLight.uasset" 185
"../../../Engine/Content/EngineFonts/Faces/RobotoBold.ufont" 186
"../../../Engine/Content/EngineFonts/Faces/RobotoBold.uasset" 187
"../../../Engine/Content/EngineFonts/Faces/RobotoBold.uexp" 188
"../../../Engine/Content/EngineFonts/Faces/RobotoRegular.uasset" 189
"../../../Engine/Content/EngineFonts/Faces/RobotoRegular.uexp" 190
"../../../Engine/Content/EngineFonts/Faces/RobotoRegular.ufont" 191
"../../../Engine/Content/EngineFonts/Faces/DroidSansFallback.uasset" 192
"../../../Engine/Content/EngineFonts/Faces/DroidSansFallback.uexp" 193
"../../../Engine/Content/EngineFonts/Faces/DroidSansFallback.ufont" 194
"../../../Engine/Content/EngineFonts/Faces/RobotoItalic.ufont" 195
"../../../Engine/Content/EngineFonts/Faces/RobotoItalic.uexp" 196
"../../../Engine/Content/EngineFonts/Faces/RobotoItalic.uasset" 197
"../../../Engine/Content/EngineFonts/Faces/RobotoBoldItalic.ufont" 198
"../../../Engine/Content/EngineFonts/Faces/RobotoBoldItalic.uasset" 199
"../../../Engine/Content/EngineFonts/Faces/RobotoBoldItalic.uexp" 200
"../../../Engine/Content/EngineFonts/Roboto.uexp" 201
"../../../Engine/Content/EngineFonts/Roboto.uasset" 202
"../../../Engine/Content/EngineMaterials/DefaultLightFunctionMaterial.uexp" 203
"../../../Engine/Content/EngineMaterials/DefaultLightFunctionMaterial.uasset" 204
"../../../Engine/Content/EngineMaterials/STBlueNoise_scalar_128x128x64.uexp" 205
"../../../Engine/Content/EngineMaterials/STBlueNoise_scalar_128x128x64.uasset" 206
"../../../Engine/Content/Functions/Engine_MaterialFunctions02/WorldPositionOffset/CameraOffset.uexp" 207
"../../../Engine/Content/Functions/Engine_MaterialFunctions02/WorldPositionOffset/CameraOffset.uasset" 208
"../../../Engine/Content/EngineMaterials/PhAT_JointLimitMaterial.uexp" 209
"../../../Engine/Content/EngineMaterials/PhAT_JointLimitMaterial.uasset" 210
"../../../Engine/Content/EngineMaterials/DefaultBloomKernel.uexp" 211
"../../../Engine/Content/EngineMaterials/DefaultBloomKernel.uasset" 212
"../../../Engine/Content/EngineResources/WhiteSquareTexture.uasset" 213
"../../../Engine/Content/EngineResources/WhiteSquareTexture.uexp" 214
"../../../Engine/Content/EngineMaterials/Widget3DPassThrough.uasset" 215
"../../../Engine/Content/EngineMaterials/Widget3DPassThrough.uexp" 216
"../../../Engine/Content/EngineMaterials/Widget3DPassThrough_Opaque.uexp" 217
"../../../Engine/Content/EngineMaterials/Widget3DPassThrough_Opaque.uasset" 218
"../../../Engine/Content/EngineMaterials/Widget3DPassThrough_Opaque_OneSided.uexp" 219
"../../../Engine/Content/EngineMaterials/Widget3DPassThrough_Opaque_OneSided.uasset" 220
"../../../Engine/Content/EngineMaterials/DefaultDiffuse.ubulk" 221
"../../../Engine/Content/EngineMaterials/DefaultDiffuse.uexp" 222
"../../../Engine/Content/EngineMaterials/DefaultDiffuse.uasset" 223
"../../../Engine/Content/EngineMaterials/DefaultDeferredDecalMaterial.uexp" 224
"../../../Engine/Content/EngineMaterials/DefaultDeferredDecalMaterial.uasset" 225
"../../../Engine/Content/EngineMaterials/DefaultCalibrationColor.uexp" 226
"../../../Engine/Content/EngineMaterials/DefaultCalibrationColor.uasset" 227
"../../../Engine/Content/EngineMaterials/PPM_DefaultCalibrationColor.uasset" 228
"../../../Engine/Content/EngineMaterials/PPM_DefaultCalibrationColor.uexp" 229
"../../../Engine/Content/EngineMaterials/BaseFlattenEmissiveMap_VT.uexp" 230
"../../../Engine/Content/EngineMaterials/BaseFlattenEmissiveMap_VT.uasset" 231
"../../../Engine/Content/EngineMaterials/BaseFlattenGrayscaleMap_VT.uexp" 232
"../../../Engine/Content/EngineMaterials/BaseFlattenGrayscaleMap_VT.uasset" 233
"../../../Engine/Content/EngineMaterials/BaseFlattenLinearColor_VT.uexp" 234
"../../../Engine/Content/EngineMaterials/BaseFlattenLinearColor_VT.uasset" 235
"../../../Engine/Content/EngineMaterials/Black_1x1_EXR_Texture_VT.uasset" 236
"../../../Engine/Content/EngineMaterials/Black_1x1_EXR_Texture_VT.uexp" 237
"../../../Engine/Content/EngineMaterials/BaseFlattenDiffuseMap_VT.uasset" 238
"../../../Engine/Content/EngineMaterials/BaseFlattenDiffuseMap_VT.uexp" 239
"../../../Engine/Content/EngineMaterials/BaseFlattenNormalMap_VT.uasset" 240
"../../../Engine/Content/EngineMaterials/BaseFlattenNormalMap_VT.uexp" 241
"../../../Engine/Content/EngineMaterials/FlattenMaterial_VT.uexp" 242
"../../../Engine/Content/EngineMaterials/FlattenMaterial_VT.uasset" 243
"../../../Engine/Content/EngineMaterials/GizmoMaterial.uexp" 244
"../../../Engine/Content/EngineMaterials/GizmoMaterial.uasset" 245
"../../../Engine/Content/EngineMaterials/InvalidLightmapSettings.uexp" 246
"../../../Engine/Content/EngineMaterials/InvalidLightmapSettings.ubulk" 247
"../../../Engine/Content/EngineMaterials/InvalidLightmapSettings.uasset" 248
"../../../Engine/Content/EngineMaterials/M_InvalidLightmapSettings.uexp" 249
"../../../Engine/Content/EngineMaterials/M_InvalidLightmapSettings.uasset" 250
"../../../Engine/Content/EngineMaterials/BaseFlattenNormalMap.uexp" 251
"../../../Engine/Content/EngineMaterials/BaseFlattenNormalMap.uasset" 252
"../../../Engine/Content/EngineMaterials/BaseFlattenGrayscaleMap.uexp" 253
"../../../Engine/Content/EngineMaterials/BaseFlattenGrayscaleMap.uasset" 254
"../../../Engine/Content/EngineMaterials/BaseFlattenDiffuseMap.uasset" 255
"../../../Engine/Content/EngineMaterials/BaseFlattenDiffuseMap.uexp" 256
"../../../Engine/Content/Functions/Engine_MaterialFunctions02/PivotPainter2/Black_1x1_EXR_Texture.uexp" 257
"../../../Engine/Content/Functions/Engine_MaterialFunctions02/PivotPainter2/Black_1x1_EXR_Texture.uasset" 258
"../../../Engine/Content/EngineMaterials/BaseFlattenEmissiveMap.uexp" 259
"../../../Engine/Content/EngineMaterials/BaseFlattenEmissiveMap.uasset" 260
"../../../Engine/Content/EngineMaterials/BaseFlattenLinearColor.uasset" 261
"../../../Engine/Content/EngineMaterials/BaseFlattenLinearColor.uexp" 262
"../../../Engine/Content/EngineMaterials/FlattenMaterial.uexp" 263
"../../../Engine/Content/EngineMaterials/FlattenMaterial.uasset" 264
"../../../Engine/Content/EngineMaterials/DefaultPhysicalMaterial.uexp" 265
"../../../Engine/Content/EngineMaterials/DefaultPhysicalMaterial.uasset" 266
"../../../Engine/Content/EngineMaterials/Widget3DPassThrough_Translucent.uexp" 267
"../../../Engine/Content/EngineMaterials/Widget3DPassThrough_Translucent.uasset" 268
"../../../Engine/Content/EngineMaterials/Widget3DPassThrough_Translucent_OneSided.uasset" 269
"../../../Engine/Content/EngineMaterials/Widget3DPassThrough_Translucent_OneSided.uexp" 270
"../../../Engine/Content/EngineMaterials/RemoveSurfaceMaterial.uasset" 271
"../../../Engine/Content/EngineMaterials/RemoveSurfaceMaterial.uexp" 272
"../../../Engine/Content/EngineFonts/RobotoDistanceField.uasset" 273
"../../../Engine/Content/EngineFonts/RobotoDistanceField.uexp" 274
"../../../Engine/Content/EngineMaterials/DefaultTextMaterialOpaque.uexp" 275
"../../../Engine/Content/EngineMaterials/DefaultTextMaterialOpaque.uasset" 276
"../../../Engine/Content/EngineMaterials/DefaultWhiteGrid_Low.uexp" 277
"../../../Engine/Content/EngineMaterials/DefaultWhiteGrid_Low.uasset" 278
"../../../Engine/Content/EngineMaterials/EmissiveMeshMaterial.uasset" 279
"../../../Engine/Content/EngineMaterials/EmissiveMeshMaterial.uexp" 280
"../../../Engine/Content/EngineMaterials/Widget3DPassThrough_Masked_OneSided.uexp" 281
"../../../Engine/Content/EngineMaterials/Widget3DPassThrough_Masked_OneSided.uasset" 282
"../../../Engine/Content/EngineResources/FilmGrains/Marcie_Grain_v3_128_M2_000.uexp" 283
"../../../Engine/Content/EngineResources/FilmGrains/Marcie_Grain_v3_128_M2_000.uasset" 284
"../../../Engine/Content/EngineMaterials/STBlueNoise_vec2_128x128x64.uasset" 285
"../../../Engine/Content/EngineMaterials/STBlueNoise_vec2_128x128x64.uexp" 286
"../../../Engine/Content/Functions/Engine_MaterialFunctions02/Utility/BreakOutFloat2Components.uexp" 287
"../../../Engine/Content/Functions/Engine_MaterialFunctions02/Utility/BreakOutFloat2Components.uasset" 288
"../../../Engine/Content/EngineMaterials/DefaultPostProcessMaterial.uasset" 289
"../../../Engine/Content/EngineMaterials/DefaultPostProcessMaterial.uexp" 290
"../../../Engine/Content/EngineMaterials/DefaultDestructiblePhysicalMaterial.uasset" 291
"../../../Engine/Content/EngineMaterials/DefaultDestructiblePhysicalMaterial.uexp" 292
"../../../Engine/Content/EngineMaterials/DefaultCalibrationGrayscale.uexp" 293
"../../../Engine/Content/EngineMaterials/DefaultCalibrationGrayscale.uasset" 294
"../../../Engine/Content/EngineMaterials/PPM_DefaultCalibrationGrayscale.uasset" 295
"../../../Engine/Content/EngineMaterials/PPM_DefaultCalibrationGrayscale.uexp" 296
"../../../Engine/Content/EngineMaterials/Widget3DPassThrough_Masked.uasset" 297
"../../../Engine/Content/EngineMaterials/Widget3DPassThrough_Masked.uexp" 298
"../../../Engine/Content/EngineMaterials/FlattenMaterial_WS_Normal_VT.uasset" 299
"../../../Engine/Content/EngineMaterials/FlattenMaterial_WS_Normal_VT.uexp" 300
"../../../Engine/Content/EngineSounds/Master.uexp" 301
"../../../Engine/Content/EngineSounds/Master.uasset" 302
"../../../Engine/Content/EngineSky/M_SimpleSkyDome.uexp" 303
"../../../Engine/Content/EngineSky/M_SimpleSkyDome.uasset" 304
"../../../Engine/Content/EngineSky/T_Sky_Stars.uasset" 305
"../../../Engine/Content/EngineSky/T_Sky_Stars.ubulk" 306
"../../../Engine/Content/EngineSky/T_Sky_Stars.uexp" 307
"../../../Engine/Content/EngineSky/T_Sky_Clouds_M.uexp" 308
"../../../Engine/Content/EngineSky/T_Sky_Clouds_M.uasset" 309
"../../../Engine/Content/EngineSky/T_Sky_Clouds_M.ubulk" 310
"../../../Engine/Content/EngineSky/T_Sky_Blue.uexp" 311
"../../../Engine/Content/EngineSky/T_Sky_Blue.ubulk" 312
"../../../Engine/Content/EngineSky/T_Sky_Blue.uasset" 313
"../../../Engine/Content/EngineSky/M_Sky_Panning_Clouds2.uexp" 314
"../../../Engine/Content/EngineSky/M_Sky_Panning_Clouds2.uasset" 315
"../../../Engine/Content/EngineSky/SM_SkySphere.uasset" 316
"../../../Engine/Content/EngineSky/SM_SkySphere.uexp" 317
"../../../Engine/Content/EngineSky/SM_SkySphere.ubulk" 318
"../../../Engine/Content/EngineSky/VolumetricClouds/CloudWeatherTexture.uexp" 319
"../../../Engine/Content/EngineSky/VolumetricClouds/CloudWeatherTexture.uasset" 320
"../../../Engine/Content/Functions/Engine_MaterialFunctions02/Utility/MakeFloat2.uexp" 321
"../../../Engine/Content/Functions/Engine_MaterialFunctions02/Utility/MakeFloat2.uasset" 322
"../../../Engine/Content/EngineSky/VolumetricClouds/CloudGradientTexture.uasset" 323
"../../../Engine/Content/EngineSky/VolumetricClouds/CloudGradientTexture.uexp" 324
"../../../Engine/Content/EngineSky/VolumetricClouds/T_NoiseShape64.uexp" 325
"../../../Engine/Content/EngineSky/VolumetricClouds/T_NoiseShape64.uasset" 326
"../../../Engine/Content/EngineSky/VolumetricClouds/T_NoiseShape64.ubulk" 327
"../../../Engine/Content/EngineSky/VolumetricClouds/T_VolumeNoiseShape64.uasset" 328
"../../../Engine/Content/EngineSky/VolumetricClouds/T_VolumeNoiseShape64.uexp" 329
"../../../Engine/Content/EngineSky/VolumetricClouds/T_NoiseErosion.ubulk" 330
"../../../Engine/Content/EngineSky/VolumetricClouds/T_NoiseErosion.uasset" 331
"../../../Engine/Content/EngineSky/VolumetricClouds/T_NoiseErosion.uexp" 332
"../../../Engine/Content/EngineSky/VolumetricClouds/T_VolumeNoiseErosion32.uexp" 333
"../../../Engine/Content/EngineSky/VolumetricClouds/T_VolumeNoiseErosion32.uasset" 334
"../../../Engine/Content/EngineSky/VolumetricClouds/m_SimpleVolumetricCloud.uexp" 335
"../../../Engine/Content/EngineSky/VolumetricClouds/m_SimpleVolumetricCloud.uasset" 336
"../../../Engine/Content/EngineSky/VolumetricClouds/m_SimpleVolumetricCloud_Inst.uexp" 337
"../../../Engine/Content/EngineSky/VolumetricClouds/m_SimpleVolumetricCloud_Inst.uasset" 338
"../../../Engine/Content/Functions/Engine_MaterialFunctions01/Shading/PowerToRoughness.uasset" 339
"../../../Engine/Content/Functions/Engine_MaterialFunctions01/Shading/PowerToRoughness.uexp" 340
"../../../Engine/Plugins/Editor/SpeedTreeImporter/Content/SpeedTree9/game_wind_noise.uasset" 341
"../../../Engine/Plugins/Editor/SpeedTreeImporter/Content/SpeedTree9/game_wind_noise.ubulk" 342
"../../../Engine/Plugins/Editor/SpeedTreeImporter/Content/SpeedTree9/game_wind_noise.uexp" 343
"../../../Engine/Plugins/Editor/SpeedTreeImporter/Content/SpeedTree9/UnpackDirection.uasset" 344
"../../../Engine/Plugins/Editor/SpeedTreeImporter/Content/SpeedTree9/UnpackDirection.uexp" 345
"../../../Engine/Content/Functions/Engine_MaterialFunctions02/ObjectLocalBounds.uasset" 346
"../../../Engine/Content/Functions/Engine_MaterialFunctions02/ObjectLocalBounds.uexp" 347
"../../../Engine/Content/Functions/Engine_MaterialFunctions02/UVs/BoundingBoxBased_0-1_UVW.uasset" 348
"../../../Engine/Content/Functions/Engine_MaterialFunctions02/UVs/BoundingBoxBased_0-1_UVW.uexp" 349
"../../../Engine/Plugins/Editor/SpeedTreeImporter/Content/SpeedTree9/SpeedTreeBillboard.uasset" 350
"../../../Engine/Plugins/Editor/SpeedTreeImporter/Content/SpeedTree9/SpeedTreeBillboard.uexp" 351
"../../../Engine/Content/Functions/Engine_MaterialFunctions02/Utility/VectorLength.uasset" 352
"../../../Engine/Content/Functions/Engine_MaterialFunctions02/Utility/VectorLength.uexp" 353
"../../../Engine/Plugins/Editor/SpeedTreeImporter/Content/SpeedTree9/UnpackInteger3.uexp" 354
"../../../Engine/Plugins/Editor/SpeedTreeImporter/Content/SpeedTree9/UnpackInteger3.uasset" 355
"../../../Engine/Content/Functions/Engine_MaterialFunctions02/WorldPositionOffset/ObjectScale.uexp" 356
"../../../Engine/Content/Functions/Engine_MaterialFunctions02/WorldPositionOffset/ObjectScale.uasset" 357
"../../../Engine/Content/Functions/Engine_MaterialFunctions02/SafeNormalize.uexp" 358
"../../../Engine/Content/Functions/Engine_MaterialFunctions02/SafeNormalize.uasset" 359
"../../../Engine/Plugins/Editor/SpeedTreeImporter/Content/SpeedTree9/SpeedTreeWindMotion.uasset" 360
"../../../Engine/Plugins/Editor/SpeedTreeImporter/Content/SpeedTree9/SpeedTreeWindMotion.uexp" 361
"../../../Engine/Plugins/Editor/SpeedTreeImporter/Content/SpeedTree9/SpeedTreeBranchMotion.uexp" 362
"../../../Engine/Plugins/Editor/SpeedTreeImporter/Content/SpeedTree9/SpeedTreeBranchMotion.uasset" 363
"../../../Engine/Plugins/Editor/SpeedTreeImporter/Content/SpeedTree9/SpeedTreeWind.uasset" 364
"../../../Engine/Plugins/Editor/SpeedTreeImporter/Content/SpeedTree9/SpeedTreeWind.uexp" 365
"../../../Engine/Plugins/Editor/SpeedTreeImporter/Content/SpeedTree9/EmptyNormal.uexp" 366
"../../../Engine/Plugins/Editor/SpeedTreeImporter/Content/SpeedTree9/EmptyNormal.uasset" 367
"../../../Engine/Plugins/Editor/SpeedTreeImporter/Content/SpeedTree9/Empty.uasset" 368
"../../../Engine/Plugins/Editor/SpeedTreeImporter/Content/SpeedTree9/Empty.uexp" 369
"../../../Engine/Plugins/Editor/SpeedTreeImporter/Content/SpeedTree9/SpeedTreeBillboardMaster.uexp" 370
"../../../Engine/Plugins/Editor/SpeedTreeImporter/Content/SpeedTree9/SpeedTreeBillboardMaster.uasset" 371
"../../../Engine/Plugins/Editor/SpeedTreeImporter/Content/SpeedTree9/SpeedTreeCameraFacing.uasset" 372
"../../../Engine/Plugins/Editor/SpeedTreeImporter/Content/SpeedTree9/SpeedTreeCameraFacing.uexp" 373
"../../../Engine/Plugins/Editor/SpeedTreeImporter/Content/SpeedTree9/SpeedTreeMaster.uexp" 374
"../../../Engine/Plugins/Editor/SpeedTreeImporter/Content/SpeedTree9/SpeedTreeMaster.uasset" 375
"../../../Engine/Plugins/Animation/ControlRig/Content/M_Manip.uexp" 376
"../../../Engine/Plugins/Animation/ControlRig/Content/M_Manip.uasset" 377
"../../../Engine/Plugins/Animation/ControlRig/Content/Controls/ControlRig_HalfCircle_3mm.ubulk" 378
"../../../Engine/Plugins/Animation/ControlRig/Content/Controls/ControlRig_HalfCircle_3mm.uexp" 379
"../../../Engine/Plugins/Animation/ControlRig/Content/Controls/ControlRig_HalfCircle_3mm.uasset" 380
"../../../Engine/Plugins/Animation/ControlRig/Content/Controls/ControlRig_Octagon_solid.uexp" 381
"../../../Engine/Plugins/Animation/ControlRig/Content/Controls/ControlRig_Octagon_solid.ubulk" 382
"../../../Engine/Plugins/Animation/ControlRig/Content/Controls/ControlRig_Octagon_solid.uasset" 383
"../../../Engine/Plugins/Animation/ControlRig/Content/Controls/ControlRig_HalfCircle_solid.uexp" 384
"../../../Engine/Plugins/Animation/ControlRig/Content/Controls/ControlRig_HalfCircle_solid.ubulk" 385
"../../../Engine/Plugins/Animation/ControlRig/Content/Controls/ControlRig_HalfCircle_solid.uasset" 386
"../../../Engine/Plugins/Animation/ControlRig/Content/Controls/ControlRig_RoundedSquare_solid.uexp" 387
"../../../Engine/Plugins/Animation/ControlRig/Content/Controls/ControlRig_RoundedSquare_solid.ubulk" 388
"../../../Engine/Plugins/Animation/ControlRig/Content/Controls/ControlRig_RoundedSquare_solid.uasset" 389
"../../../Engine/Plugins/Animation/ControlRig/Content/Controls/ControlRig_QuarterCircle_solid.ubulk" 390
"../../../Engine/Plugins/Animation/ControlRig/Content/Controls/ControlRig_QuarterCircle_solid.uexp" 391
"../../../Engine/Plugins/Animation/ControlRig/Content/Controls/ControlRig_QuarterCircle_solid.uasset" 392
"../../../Engine/Plugins/Animation/ControlRig/Content/Controls/ControlRig_Arrow4_3mm.ubulk" 393
"../../../Engine/Plugins/Animation/ControlRig/Content/Controls/ControlRig_Arrow4_3mm.uexp" 394
"../../../Engine/Plugins/Animation/ControlRig/Content/Controls/ControlRig_Arrow4_3mm.uasset" 395
"../../../Engine/Plugins/Animation/ControlRig/Content/Controls/ControlRig_Hexagon_3mm.ubulk" 396
"../../../Engine/Plugins/Animation/ControlRig/Content/Controls/ControlRig_Hexagon_3mm.uexp" 397
"../../../Engine/Plugins/Animation/ControlRig/Content/Controls/ControlRig_Hexagon_3mm.uasset" 398
"../../../Engine/Plugins/Animation/ControlRig/Content/Controls/ControlRig_Diamond_3mm.uasset" 399
"../../../Engine/Plugins/Animation/ControlRig/Content/Controls/ControlRig_Diamond_3mm.uexp" 400
"../../../Engine/Plugins/Animation/ControlRig/Content/Controls/ControlRig_Diamond_3mm.ubulk" 401
"../../../Engine/Plugins/Animation/ControlRig/Content/Controls/ControlRig_Wedge_solid.ubulk" 402
"../../../Engine/Plugins/Animation/ControlRig/Content/Controls/ControlRig_Wedge_solid.uexp" 403
"../../../Engine/Plugins/Animation/ControlRig/Content/Controls/ControlRig_Wedge_solid.uasset" 404
"../../../Engine/Plugins/Animation/ControlRig/Content/Controls/ControlRigGizmoMaterial.uexp" 405
"../../../Engine/Plugins/Animation/ControlRig/Content/Controls/ControlRigGizmoMaterial.uasset" 406
"../../../Engine/Plugins/Animation/ControlRig/Content/Controls/ControlRig_Square_1mm.ubulk" 407
"../../../Engine/Plugins/Animation/ControlRig/Content/Controls/ControlRig_Square_1mm.uexp" 408
"../../../Engine/Plugins/Animation/ControlRig/Content/Controls/ControlRig_Square_1mm.uasset" 409
"../../../Engine/Plugins/Animation/ControlRig/Content/Controls/ControlRig_Diamond_1mm.uasset" 410
"../../../Engine/Plugins/Animation/ControlRig/Content/Controls/ControlRig_Diamond_1mm.uexp" 411
"../../../Engine/Plugins/Animation/ControlRig/Content/Controls/ControlRig_Diamond_1mm.ubulk" 412
"../../../Engine/Plugins/Animation/ControlRig/Content/Controls/ControlRig_Pyramid_1mm.uasset" 413
"../../../Engine/Plugins/Animation/ControlRig/Content/Controls/ControlRig_Pyramid_1mm.uexp" 414
"../../../Engine/Plugins/Animation/ControlRig/Content/Controls/ControlRig_Pyramid_1mm.ubulk" 415
"../../../Engine/Plugins/Animation/ControlRig/Content/Controls/ControlRig_QuarterCircle_1mm.ubulk" 416
"../../../Engine/Plugins/Animation/ControlRig/Content/Controls/ControlRig_QuarterCircle_1mm.uexp" 417
"../../../Engine/Plugins/Animation/ControlRig/Content/Controls/ControlRig_QuarterCircle_1mm.uasset" 418
"../../../Engine/Plugins/Animation/ControlRig/Content/Controls/ControlRig_RoundedTriangle_3mm.ubulk" 419
"../../../Engine/Plugins/Animation/ControlRig/Content/Controls/ControlRig_RoundedTriangle_3mm.uexp" 420
"../../../Engine/Plugins/Animation/ControlRig/Content/Controls/ControlRig_RoundedTriangle_3mm.uasset" 421
"../../../Engine/Plugins/Animation/ControlRig/Content/Controls/ControlRig_RoundedSquare_1mm.uexp" 422
"../../../Engine/Plugins/Animation/ControlRig/Content/Controls/ControlRig_RoundedSquare_1mm.ubulk" 423
"../../../Engine/Plugins/Animation/ControlRig/Content/Controls/ControlRig_RoundedSquare_1mm.uasset" 424
"../../../Engine/Plugins/Animation/ControlRig/Content/Controls/ControlRig_Arrow_solid.uasset" 425
"../../../Engine/Plugins/Animation/ControlRig/Content/Controls/ControlRig_Arrow_solid.ubulk" 426
"../../../Engine/Plugins/Animation/ControlRig/Content/Controls/ControlRig_Arrow_solid.uexp" 427
"../../../Engine/Plugins/Animation/ControlRig/Content/Controls/ControlRig_Pyramid_solid.uasset" 428
"../../../Engine/Plugins/Animation/ControlRig/Content/Controls/ControlRig_Pyramid_solid.uexp" 429
"../../../Engine/Plugins/Animation/ControlRig/Content/Controls/ControlRig_Pyramid_solid.ubulk" 430
"../../../Engine/Plugins/Animation/ControlRig/Content/Controls/ControlRig_Triangle_1mm.uexp" 431
"../../../Engine/Plugins/Animation/ControlRig/Content/Controls/ControlRig_Triangle_1mm.ubulk" 432
"../../../Engine/Plugins/Animation/ControlRig/Content/Controls/ControlRig_Triangle_1mm.uasset" 433
"../../../Engine/Plugins/Animation/ControlRig/Content/Controls/ControlRig_Triangle_3mm.uexp" 434
"../../../Engine/Plugins/Animation/ControlRig/Content/Controls/ControlRig_Triangle_3mm.ubulk" 435
"../../../Engine/Plugins/Animation/ControlRig/Content/Controls/ControlRig_Triangle_3mm.uasset" 436
"../../../Engine/Plugins/Animation/ControlRig/Content/Controls/ControlRig_Hexagon_solid.uasset" 437
"../../../Engine/Plugins/Animation/ControlRig/Content/Controls/ControlRig_Hexagon_solid.ubulk" 438
"../../../Engine/Plugins/Animation/ControlRig/Content/Controls/ControlRig_Hexagon_solid.uexp" 439
"../../../Engine/Plugins/Animation/ControlRig/Content/Controls/ControlRig_Arrow_1mm.uasset" 440
"../../../Engine/Plugins/Animation/ControlRig/Content/Controls/ControlRig_Arrow_1mm.uexp" 441
"../../../Engine/Plugins/Animation/ControlRig/Content/Controls/ControlRig_Arrow_1mm.ubulk" 442
"../../../Engine/Plugins/Animation/ControlRig/Content/Controls/ControlRig_Pyramid_3mm.ubulk" 443
"../../../Engine/Plugins/Animation/ControlRig/Content/Controls/ControlRig_Pyramid_3mm.uexp" 444
"../../../Engine/Plugins/Animation/ControlRig/Content/Controls/ControlRig_Pyramid_3mm.uasset" 445
"../../../Engine/Plugins/Animation/ControlRig/Content/Controls/ControlRig_Arrow2_1mm.uexp" 446
"../../../Engine/Plugins/Animation/ControlRig/Content/Controls/ControlRig_Arrow2_1mm.ubulk" 447
"../../../Engine/Plugins/Animation/ControlRig/Content/Controls/ControlRig_Arrow2_1mm.uasset" 448
"../../../Engine/Plugins/Animation/ControlRig/Content/Controls/ControlRig_Circle_1mm.uasset" 449
"../../../Engine/Plugins/Animation/ControlRig/Content/Controls/ControlRig_Circle_1mm.uexp" 450
"../../../Engine/Plugins/Animation/ControlRig/Content/Controls/ControlRig_Circle_1mm.ubulk" 451
"../../../Engine/Plugins/Animation/ControlRig/Content/Controls/DefaultGizmoLibraryNormalized.uasset" 452
"../../../Engine/Plugins/Animation/ControlRig/Content/Controls/DefaultGizmoLibraryNormalized.uexp" 453
"../../../Engine/Plugins/Animation/ControlRig/Content/Controls/ControlRig_Box_solid.ubulk" 454
"../../../Engine/Plugins/Animation/ControlRig/Content/Controls/ControlRig_Box_solid.uexp" 455
"../../../Engine/Plugins/Animation/ControlRig/Content/Controls/ControlRig_Box_solid.uasset" 456
"../../../Engine/Plugins/Animation/ControlRig/Content/Controls/ControlRig_Triangle_solid.uasset" 457
"../../../Engine/Plugins/Animation/ControlRig/Content/Controls/ControlRig_Triangle_solid.uexp" 458
"../../../Engine/Plugins/Animation/ControlRig/Content/Controls/ControlRig_Triangle_solid.ubulk" 459
"../../../Engine/Plugins/Animation/ControlRig/Content/Controls/ControlRig_Circle_solid.uasset" 460
"../../../Engine/Plugins/Animation/ControlRig/Content/Controls/ControlRig_Circle_solid.ubulk" 461
"../../../Engine/Plugins/Animation/ControlRig/Content/Controls/ControlRig_Circle_solid.uexp" 462
"../../../Engine/Plugins/Animation/ControlRig/Content/Controls/ControlRig_Square_3mm.uasset" 463
"../../../Engine/Plugins/Animation/ControlRig/Content/Controls/ControlRig_Square_3mm.uexp" 464
"../../../Engine/Plugins/Animation/ControlRig/Content/Controls/ControlRig_Square_3mm.ubulk" 465
"../../../Engine/Plugins/Animation/ControlRig/Content/Controls/ControlRig_Arrow_3mm.uexp" 466
"../../../Engine/Plugins/Animation/ControlRig/Content/Controls/ControlRig_Arrow_3mm.uasset" 467
"../../../Engine/Plugins/Animation/ControlRig/Content/Controls/ControlRig_Arrow_3mm.ubulk" 468
"../../../Engine/Plugins/Animation/ControlRig/Content/Controls/ControlRig_Arrow2_solid.uasset" 469
"../../../Engine/Plugins/Animation/ControlRig/Content/Controls/ControlRig_Arrow2_solid.ubulk" 470
"../../../Engine/Plugins/Animation/ControlRig/Content/Controls/ControlRig_Arrow2_solid.uexp" 471
"../../../Engine/Plugins/Animation/ControlRig/Content/Controls/ControlRig_Box_3mm.uasset" 472
"../../../Engine/Plugins/Animation/ControlRig/Content/Controls/ControlRig_Box_3mm.ubulk" 473
"../../../Engine/Plugins/Animation/ControlRig/Content/Controls/ControlRig_Box_3mm.uexp" 474
"../../../Engine/Plugins/Animation/ControlRig/Content/Controls/ControlRig_Arrow4_solid.uexp" 475
"../../../Engine/Plugins/Animation/ControlRig/Content/Controls/ControlRig_Arrow4_solid.uasset" 476
"../../../Engine/Plugins/Animation/ControlRig/Content/Controls/ControlRig_Arrow4_solid.ubulk" 477
"../../../Engine/Plugins/Animation/ControlRig/Content/Controls/ControlRig_HalfCircle_1mm.uasset" 478
"../../../Engine/Plugins/Animation/ControlRig/Content/Controls/ControlRig_HalfCircle_1mm.uexp" 479
"../../../Engine/Plugins/Animation/ControlRig/Content/Controls/ControlRig_HalfCircle_1mm.ubulk" 480
"../../../Engine/Plugins/Animation/ControlRig/Content/Controls/ControlRig_Star4_solid.ubulk" 481
"../../../Engine/Plugins/Animation/ControlRig/Content/Controls/ControlRig_Star4_solid.uasset" 482
"../../../Engine/Plugins/Animation/ControlRig/Content/Controls/ControlRig_Star4_solid.uexp" 483
"../../../Engine/Plugins/Animation/ControlRig/Content/Controls/ControlRig_Arrow4_1mm.ubulk" 484
"../../../Engine/Plugins/Animation/ControlRig/Content/Controls/ControlRig_Arrow4_1mm.uasset" 485
"../../../Engine/Plugins/Animation/ControlRig/Content/Controls/ControlRig_Arrow4_1mm.uexp" 486
"../../../Engine/Plugins/Animation/ControlRig/Content/Controls/ControlRig_Octagon_3mm.uexp" 487
"../../../Engine/Plugins/Animation/ControlRig/Content/Controls/ControlRig_Octagon_3mm.uasset" 488
"../../../Engine/Plugins/Animation/ControlRig/Content/Controls/ControlRig_Octagon_3mm.ubulk" 489
"../../../Engine/Plugins/Animation/ControlRig/Content/Controls/ControlRig_RoundedSquare_3mm.uexp" 490
"../../../Engine/Plugins/Animation/ControlRig/Content/Controls/ControlRig_RoundedSquare_3mm.uasset" 491
"../../../Engine/Plugins/Animation/ControlRig/Content/Controls/ControlRig_RoundedSquare_3mm.ubulk" 492
"../../../Engine/Plugins/Animation/ControlRig/Content/Controls/ControlRig_Circle_3mm.ubulk" 493
"../../../Engine/Plugins/Animation/ControlRig/Content/Controls/ControlRig_Circle_3mm.uasset" 494
"../../../Engine/Plugins/Animation/ControlRig/Content/Controls/ControlRig_Circle_3mm.uexp" 495
"../../../Engine/Plugins/Animation/ControlRig/Content/Controls/ControlRig_Octagon_1mm.uasset" 496
"../../../Engine/Plugins/Animation/ControlRig/Content/Controls/ControlRig_Octagon_1mm.uexp" 497
"../../../Engine/Plugins/Animation/ControlRig/Content/Controls/ControlRig_Octagon_1mm.ubulk" 498
"../../../Engine/Plugins/Animation/ControlRig/Content/Controls/ControlRig_Diamond_solid.uasset" 499
"../../../Engine/Plugins/Animation/ControlRig/Content/Controls/ControlRig_Diamond_solid.ubulk" 500
"../../../Engine/Plugins/Animation/ControlRig/Content/Controls/ControlRig_Diamond_solid.uexp" 501
"../../../Engine/Plugins/Animation/ControlRig/Content/Controls/ControlRig_Wedge_3mm.uasset" 502
"../../../Engine/Plugins/Animation/ControlRig/Content/Controls/ControlRig_Wedge_3mm.ubulk" 503
"../../../Engine/Plugins/Animation/ControlRig/Content/Controls/ControlRig_Wedge_3mm.uexp" 504
"../../../Engine/Plugins/Animation/ControlRig/Content/Controls/ControlRig_Arrow2_3mm.uasset" 505
"../../../Engine/Plugins/Animation/ControlRig/Content/Controls/ControlRig_Arrow2_3mm.ubulk" 506
"../../../Engine/Plugins/Animation/ControlRig/Content/Controls/ControlRig_Arrow2_3mm.uexp" 507
"../../../Engine/Plugins/Animation/ControlRig/Content/Controls/ControlRig_RoundedTriangle_1mm.ubulk" 508
"../../../Engine/Plugins/Animation/ControlRig/Content/Controls/ControlRig_RoundedTriangle_1mm.uasset" 509
"../../../Engine/Plugins/Animation/ControlRig/Content/Controls/ControlRig_RoundedTriangle_1mm.uexp" 510
"../../../Engine/Plugins/Animation/ControlRig/Content/Controls/ControlRigXRayMaterial.uexp" 511
"../../../Engine/Plugins/Animation/ControlRig/Content/Controls/ControlRigXRayMaterial.uasset" 512
"../../../Engine/Plugins/Animation/ControlRig/Content/Controls/ControlRig_Wedge_1mm.ubulk" 513
"../../../Engine/Plugins/Animation/ControlRig/Content/Controls/ControlRig_Wedge_1mm.uasset" 514
"../../../Engine/Plugins/Animation/ControlRig/Content/Controls/ControlRig_Wedge_1mm.uexp" 515
"../../../Engine/Plugins/Animation/ControlRig/Content/Controls/ControlRig_Sphere_3mm.uexp" 516
"../../../Engine/Plugins/Animation/ControlRig/Content/Controls/ControlRig_Sphere_3mm.uasset" 517
"../../../Engine/Plugins/Animation/ControlRig/Content/Controls/ControlRig_Sphere_3mm.ubulk" 518
"../../../Engine/Plugins/Animation/ControlRig/Content/Controls/ControlRig_QuarterCircle_3mm.uexp" 519
"../../../Engine/Plugins/Animation/ControlRig/Content/Controls/ControlRig_QuarterCircle_3mm.uasset" 520
"../../../Engine/Plugins/Animation/ControlRig/Content/Controls/ControlRig_QuarterCircle_3mm.ubulk" 521
"../../../Engine/Plugins/Animation/ControlRig/Content/Controls/ControlRig_Box_1mm.uexp" 522
"../../../Engine/Plugins/Animation/ControlRig/Content/Controls/ControlRig_Box_1mm.uasset" 523
"../../../Engine/Plugins/Animation/ControlRig/Content/Controls/ControlRig_Box_1mm.ubulk" 524
"../../../Engine/Plugins/Animation/ControlRig/Content/Controls/ControlRig_Sphere_solid.uasset" 525
"../../../Engine/Plugins/Animation/ControlRig/Content/Controls/ControlRig_Sphere_solid.ubulk" 526
"../../../Engine/Plugins/Animation/ControlRig/Content/Controls/ControlRig_Sphere_solid.uexp" 527
"../../../Engine/Plugins/Animation/ControlRig/Content/Controls/ControlRig_Hexagon_1mm.uasset" 528
"../../../Engine/Plugins/Animation/ControlRig/Content/Controls/ControlRig_Hexagon_1mm.ubulk" 529
"../../../Engine/Plugins/Animation/ControlRig/Content/Controls/ControlRig_Hexagon_1mm.uexp" 530
"../../../Engine/Plugins/Animation/ControlRig/Content/Controls/ControlRig_RoundedTriangle_solid.ubulk" 531
"../../../Engine/Plugins/Animation/ControlRig/Content/Controls/ControlRig_RoundedTriangle_solid.uasset" 532
"../../../Engine/Plugins/Animation/ControlRig/Content/Controls/ControlRig_RoundedTriangle_solid.uexp" 533
"../../../Engine/Plugins/Animation/ControlRig/Content/Controls/ControlRig_Sphere_1mm.uexp" 534
"../../../Engine/Plugins/Animation/ControlRig/Content/Controls/ControlRig_Sphere_1mm.uasset" 535
"../../../Engine/Plugins/Animation/ControlRig/Content/Controls/ControlRig_Sphere_1mm.ubulk" 536
"../../../Engine/Plugins/Animation/ControlRig/Content/Controls/ControlRig_Star4_3mm.uexp" 537
"../../../Engine/Plugins/Animation/ControlRig/Content/Controls/ControlRig_Star4_3mm.uasset" 538
"../../../Engine/Plugins/Animation/ControlRig/Content/Controls/ControlRig_Star4_3mm.ubulk" 539
"../../../Engine/Plugins/Animation/ControlRig/Content/Controls/ControlRig_Star4_1mm.ubulk" 540
"../../../Engine/Plugins/Animation/ControlRig/Content/Controls/ControlRig_Star4_1mm.uasset" 541
"../../../Engine/Plugins/Animation/ControlRig/Content/Controls/ControlRig_Star4_1mm.uexp" 542
"../../../Engine/Plugins/Animation/ControlRig/Content/Controls/ControlRig_Square_solid.uexp" 543
"../../../Engine/Plugins/Animation/ControlRig/Content/Controls/ControlRig_Square_solid.uasset" 544
"../../../Engine/Plugins/Animation/ControlRig/Content/Controls/ControlRig_Square_solid.ubulk" 545
"../../../Engine/Plugins/2D/Paper2D/Content/PlaceholderTextures/DummySpriteTexture.uexp" 546
"../../../Engine/Plugins/2D/Paper2D/Content/PlaceholderTextures/DummySpriteTexture.ubulk" 547
"../../../Engine/Plugins/2D/Paper2D/Content/PlaceholderTextures/DummySpriteTexture.uasset" 548
"../../../Engine/Plugins/2D/Paper2D/Content/DummySprite.uasset" 549
"../../../Engine/Plugins/2D/Paper2D/Content/DummySprite.uexp" 550
"../../../Engine/Plugins/2D/Paper2D/Content/DefaultPaperTerrainMaterial.uexp" 551
"../../../Engine/Plugins/2D/Paper2D/Content/DefaultPaperTerrainMaterial.uasset" 552
"../../../Engine/Plugins/2D/Paper2D/Content/DefaultSpriteMaterial.uexp" 553
"../../../Engine/Plugins/2D/Paper2D/Content/DefaultSpriteMaterial.uasset" 554
"../../../Engine/Plugins/2D/Paper2D/Content/MaskedUnlitSpriteMaterial.uexp" 555
"../../../Engine/Plugins/2D/Paper2D/Content/MaskedUnlitSpriteMaterial.uasset" 556
"../../../Engine/Plugins/2D/Paper2D/Content/OpaqueUnlitSpriteMaterial.uasset" 557
"../../../Engine/Plugins/2D/Paper2D/Content/OpaqueUnlitSpriteMaterial.uexp" 558
"../../../Engine/Content/MobileResources/HUD/VirtualJoystick_Background.uasset" 559
"../../../Engine/Content/MobileResources/HUD/VirtualJoystick_Background.uexp" 560
"../../../Engine/Content/MobileResources/HUD/VirtualJoystick_Thumb.uasset" 561
"../../../Engine/Content/MobileResources/HUD/VirtualJoystick_Thumb.uexp" 562
"../../../Engine/Content/MobileResources/HUD/DefaultVirtualJoysticks.uasset" 563
"../../../Engine/Content/MobileResources/HUD/DefaultVirtualJoysticks.uexp" 564
"../../../Engine/Content/Maps/Templates/HLODs/HLODLayer_Merged.uasset" 565
"../../../Engine/Content/Maps/Templates/HLODs/HLODLayer_Merged.uexp" 566
"../../../Engine/Content/Functions/Engine_MaterialFunctions02/Texturing/CustomRotator.uexp" 567
"../../../Engine/Content/Functions/Engine_MaterialFunctions02/Texturing/CustomRotator.uasset" 568
"../../../Engine/Content/Functions/Engine_MaterialFunctions02/Texturing/ScreenAlignedPixelToPixelUVs.uasset" 569
"../../../Engine/Content/Functions/Engine_MaterialFunctions02/Texturing/ScreenAlignedPixelToPixelUVs.uexp" 570
"../../../Engine/Plugins/Interchange/Runtime/Content/Utilities/T_Bayer64_Grayscale_64px.uasset" 571
"../../../Engine/Plugins/Interchange/Runtime/Content/Utilities/T_Bayer64_Grayscale_64px.uexp" 572
"../../../Engine/Plugins/Interchange/Runtime/Content/gltf/MaterialFunctions/MF_Temporal_Blur.uexp" 573
"../../../Engine/Plugins/Interchange/Runtime/Content/gltf/MaterialFunctions/MF_Temporal_Blur.uasset" 574
"../../../Engine/Plugins/Interchange/Runtime/Content/gltf/MaterialFunctions/MF_Fresnel_DS.uexp" 575
"../../../Engine/Plugins/Interchange/Runtime/Content/gltf/MaterialFunctions/MF_Fresnel_DS.uasset" 576
"../../../Engine/Plugins/Interchange/Runtime/Content/Functions/MX_Transmission.uasset" 577
"../../../Engine/Plugins/Interchange/Runtime/Content/Functions/MX_Transmission.uexp" 578
"../../../Engine/Plugins/Interchange/Runtime/Content/Functions/MF_OrenNayerView.uexp" 579
"../../../Engine/Plugins/Interchange/Runtime/Content/Functions/MF_OrenNayerView.uasset" 580
"../../../Engine/Plugins/Interchange/Runtime/Content/Functions/MF_SchlickApprox.uasset" 581
"../../../Engine/Plugins/Interchange/Runtime/Content/Functions/MF_SchlickApprox.uexp" 582
"../../../Engine/Plugins/Interchange/Runtime/Content/Utilities/New_LUT.uasset" 583
"../../../Engine/Plugins/Interchange/Runtime/Content/Utilities/New_LUT.uexp" 584
"../../../Engine/Content/Functions/Engine_MaterialFunctions03/Math/RemapValueRange.uasset" 585
"../../../Engine/Content/Functions/Engine_MaterialFunctions03/Math/RemapValueRange.uexp" 586
"../../../Engine/Plugins/Interchange/Runtime/Content/Functions/MF_Iridescence.uasset" 587
"../../../Engine/Plugins/Interchange/Runtime/Content/Functions/MF_Iridescence.uexp" 588
"../../../Engine/Plugins/Interchange/Runtime/Content/Functions/MX_StandardSurface.uexp" 589
"../../../Engine/Plugins/Interchange/Runtime/Content/Functions/MX_StandardSurface.uasset" 590
"../../../Engine/Plugins/Interchange/Runtime/Content/Functions/MX_TransmissionSurface.uasset" 591
"../../../Engine/Plugins/Interchange/Runtime/Content/Functions/MX_TransmissionSurface.uexp" 592
"../../../Engine/Content/Functions/Engine_MaterialFunctions02/Math/AddComponents.uasset" 593
"../../../Engine/Content/Functions/Engine_MaterialFunctions02/Math/AddComponents.uexp" 594
"../../../Engine/Content/Functions/Engine_MaterialFunctions02/WorldPositionOffset/V2/ObjectScale.uexp" 595
"../../../Engine/Content/Functions/Engine_MaterialFunctions02/WorldPositionOffset/V2/ObjectScale.uasset" 596
"../../../Engine/Plugins/Interchange/Runtime/Content/gltf/MaterialFunctions/MF_TransmissionOpacity.uasset" 597
"../../../Engine/Plugins/Interchange/Runtime/Content/gltf/MaterialFunctions/MF_TransmissionOpacity.uexp" 598
"../../../Engine/Plugins/Interchange/Runtime/Content/gltf/MaterialFunctions/MF_RotateV2.uexp" 599
"../../../Engine/Plugins/Interchange/Runtime/Content/gltf/MaterialFunctions/MF_RotateV2.uasset" 600
"../../../Engine/Plugins/Interchange/Runtime/Content/gltf/MaterialFunctions/MF_TransformUVs.uasset" 601
"../../../Engine/Plugins/Interchange/Runtime/Content/gltf/MaterialFunctions/MF_TransformUVs.uexp" 602
"../../../Engine/Plugins/Interchange/Runtime/Content/gltf/Textures/T_White_srgb.uexp" 603
"../../../Engine/Plugins/Interchange/Runtime/Content/gltf/Textures/T_White_srgb.uasset" 604
"../../../Engine/Plugins/Interchange/Runtime/Content/gltf/MaterialFunctions/MF_BaseColor.uexp" 605
"../../../Engine/Plugins/Interchange/Runtime/Content/gltf/MaterialFunctions/MF_BaseColor.uasset" 606
"../../../Engine/Plugins/Interchange/Runtime/Content/gltf/MaterialFunctions/MF_DiffuseSpecGloss.uexp" 607
"../../../Engine/Plugins/Interchange/Runtime/Content/gltf/MaterialFunctions/MF_DiffuseSpecGloss.uasset" 608
"../../../Engine/Plugins/Interchange/Runtime/Content/gltf/Textures/T_White_Linear.uexp" 609
"../../../Engine/Plugins/Interchange/Runtime/Content/gltf/Textures/T_White_Linear.uasset" 610
"../../../Engine/Plugins/Interchange/Runtime/Content/gltf/MaterialFunctions/MF_MetallicRoughness.uasset" 611
"../../../Engine/Plugins/Interchange/Runtime/Content/gltf/MaterialFunctions/MF_MetallicRoughness.uexp" 612
"../../../Engine/Content/Functions/Engine_MaterialFunctions02/Math/Transform3x3Matrix.uasset" 613
"../../../Engine/Content/Functions/Engine_MaterialFunctions02/Math/Transform3x3Matrix.uexp" 614
"../../../Engine/Plugins/Interchange/Runtime/Content/gltf/MaterialFunctions/MF_RotateNormals_TS.uasset" 615
"../../../Engine/Plugins/Interchange/Runtime/Content/gltf/MaterialFunctions/MF_RotateNormals_TS.uexp" 616
"../../../Engine/Plugins/Interchange/Runtime/Content/gltf/Textures/T_Generic_N.uasset" 617
"../../../Engine/Plugins/Interchange/Runtime/Content/gltf/Textures/T_Generic_N.uexp" 618
"../../../Engine/Plugins/Interchange/Runtime/Content/gltf/MaterialFunctions/MF_Clearcoat.uexp" 619
"../../../Engine/Plugins/Interchange/Runtime/Content/gltf/MaterialFunctions/MF_Clearcoat.uasset" 620
"../../../Engine/Plugins/Interchange/Runtime/Content/gltf/MaterialFunctions/MF_Occlusion.uasset" 621
"../../../Engine/Plugins/Interchange/Runtime/Content/gltf/MaterialFunctions/MF_Occlusion.uexp" 622
"../../../Engine/Plugins/Interchange/Runtime/Content/gltf/MaterialFunctions/MF_Emissive.uexp" 623
"../../../Engine/Plugins/Interchange/Runtime/Content/gltf/MaterialFunctions/MF_Emissive.uasset" 624
"../../../Engine/Plugins/Interchange/Runtime/Content/gltf/MaterialFunctions/MF_Specular.uexp" 625
"../../../Engine/Plugins/Interchange/Runtime/Content/gltf/MaterialFunctions/MF_Specular.uasset" 626
"../../../Engine/Plugins/Interchange/Runtime/Content/gltf/MaterialFunctions/MF_IOR.uexp" 627
"../../../Engine/Plugins/Interchange/Runtime/Content/gltf/MaterialFunctions/MF_IOR.uasset" 628
"../../../Engine/Content/Functions/Engine_MaterialFunctions01/Texturing/FlattenNormal.uexp" 629
"../../../Engine/Content/Functions/Engine_MaterialFunctions01/Texturing/FlattenNormal.uasset" 630
"../../../Engine/Plugins/Interchange/Runtime/Content/gltf/MaterialFunctions/MF_Normals.uasset" 631
"../../../Engine/Plugins/Interchange/Runtime/Content/gltf/MaterialFunctions/MF_Normals.uexp" 632
"../../../Engine/Plugins/Interchange/Runtime/Content/gltf/MaterialFunctions/MF_PerceivedBrightness.uexp" 633
"../../../Engine/Plugins/Interchange/Runtime/Content/gltf/MaterialFunctions/MF_PerceivedBrightness.uasset" 634
"../../../Engine/Plugins/Interchange/Runtime/Content/gltf/MaterialFunctions/MF_SpecGlossToMetalRoughness.uasset" 635
"../../../Engine/Plugins/Interchange/Runtime/Content/gltf/MaterialFunctions/MF_SpecGlossToMetalRoughness.uexp" 636
"../../../Engine/Plugins/Interchange/Runtime/Content/gltf/M_Translucent.uexp" 637
"../../../Engine/Plugins/Interchange/Runtime/Content/gltf/M_Translucent.uasset" 638
"../../../Engine/Plugins/Interchange/Runtime/Content/gltf/MaterialInstances_MR/MI_Translucent.uexp" 639
"../../../Engine/Plugins/Interchange/Runtime/Content/gltf/MaterialInstances_MR/MI_Translucent.uasset" 640
"../../../Engine/Plugins/Interchange/Runtime/Content/gltf/M_Unlit.uexp" 641
"../../../Engine/Plugins/Interchange/Runtime/Content/gltf/M_Unlit.uasset" 642
"../../../Engine/Plugins/Interchange/Runtime/Content/gltf/MaterialInstances_MR/MI_Opaque_Unlit.uexp" 643
"../../../Engine/Plugins/Interchange/Runtime/Content/gltf/MaterialInstances_MR/MI_Opaque_Unlit.uasset" 644
"../../../Engine/Plugins/Interchange/Runtime/Content/gltf/M_Opaque.uasset" 645
"../../../Engine/Plugins/Interchange/Runtime/Content/gltf/M_Opaque.uexp" 646
"../../../Engine/Plugins/Interchange/Runtime/Content/gltf/MaterialInstances_MR/MI_Opaque_ClearCoat.uexp" 647
"../../../Engine/Plugins/Interchange/Runtime/Content/gltf/MaterialInstances_MR/MI_Opaque_ClearCoat.uasset" 648
"../../../Engine/Plugins/Interchange/Runtime/Content/gltf/MaterialInstances_MR/MI_Opaque_ClearCoat_TS.uexp" 649
"../../../Engine/Plugins/Interchange/Runtime/Content/gltf/MaterialInstances_MR/MI_Opaque_ClearCoat_TS.uasset" 650
"../../../Engine/Plugins/Interchange/Runtime/Content/gltf/MaterialInstances_MR/MI_Opaque_TS.uexp" 651
"../../../Engine/Plugins/Interchange/Runtime/Content/gltf/MaterialInstances_MR/MI_Opaque_TS.uasset" 652
"../../../Engine/Plugins/Interchange/Runtime/Content/gltf/MaterialFunctions/MF_Transmission.uasset" 653
"../../../Engine/Plugins/Interchange/Runtime/Content/gltf/MaterialFunctions/MF_Transmission.uexp" 654
"../../../Engine/Plugins/Interchange/Runtime/Content/gltf/M_Transmission.uexp" 655
"../../../Engine/Plugins/Interchange/Runtime/Content/gltf/M_Transmission.uasset" 656
"../../../Engine/Plugins/Interchange/Runtime/Content/gltf/MaterialInstances_MR/MI_Transmission.uasset" 657
"../../../Engine/Plugins/Interchange/Runtime/Content/gltf/MaterialInstances_MR/MI_Transmission.uexp" 658
"../../../Engine/Plugins/Interchange/Runtime/Content/gltf/MaterialInstances_MR/MI_Translucent_ClearCoat.uexp" 659
"../../../Engine/Plugins/Interchange/Runtime/Content/gltf/MaterialInstances_MR/MI_Translucent_ClearCoat.uasset" 660
"../../../Engine/Plugins/Interchange/Runtime/Content/gltf/MaterialFunctions/MF_Sheen.uexp" 661
"../../../Engine/Plugins/Interchange/Runtime/Content/gltf/MaterialFunctions/MF_Sheen.uasset" 662
"../../../Engine/Content/Functions/Engine_MaterialFunctions01/Shading/FuzzyShading.uasset" 663
"../../../Engine/Content/Functions/Engine_MaterialFunctions01/Shading/FuzzyShading.uexp" 664
"../../../Engine/Plugins/Interchange/Runtime/Content/gltf/M_Sheen.uexp" 665
"../../../Engine/Plugins/Interchange/Runtime/Content/gltf/M_Sheen.uasset" 666
"../../../Engine/Plugins/Interchange/Runtime/Content/gltf/MaterialInstances_MR/MI_Opaque_Sheen_TS.uasset" 667
"../../../Engine/Plugins/Interchange/Runtime/Content/gltf/MaterialInstances_MR/MI_Opaque_Sheen_TS.uexp" 668
"../../../Engine/Plugins/Interchange/Runtime/Content/gltf/MaterialInstances_MR/MI_Opaque_Unlit_TS.uasset" 669
"../../../Engine/Plugins/Interchange/Runtime/Content/gltf/MaterialInstances_MR/MI_Opaque_Unlit_TS.uexp" 670
"../../../Engine/Plugins/Interchange/Runtime/Content/gltf/MaterialInstances_MR/MI_Opaque_Sheen.uexp" 671
"../../../Engine/Plugins/Interchange/Runtime/Content/gltf/MaterialInstances_MR/MI_Opaque_Sheen.uasset" 672
"../../../Engine/Plugins/Interchange/Runtime/Content/gltf/MaterialInstances_MR/MI_Translucent_TS.uasset" 673
"../../../Engine/Plugins/Interchange/Runtime/Content/gltf/MaterialInstances_MR/MI_Translucent_TS.uexp" 674
"../../../Engine/Plugins/Interchange/Runtime/Content/gltf/MaterialInstances_MR/MI_Translucent_ClearCoat_TS.uexp" 675
"../../../Engine/Plugins/Interchange/Runtime/Content/gltf/MaterialInstances_MR/MI_Translucent_ClearCoat_TS.uasset" 676
"../../../Engine/Plugins/Interchange/Runtime/Content/gltf/MaterialInstances_MR/MI_Transmission_TS.uasset" 677
"../../../Engine/Plugins/Interchange/Runtime/Content/gltf/MaterialInstances_MR/MI_Transmission_TS.uexp" 678
"../../../Engine/Plugins/Interchange/Runtime/Content/gltf/MaterialInstances_MR/MI_Opaque.uasset" 679
"../../../Engine/Plugins/Interchange/Runtime/Content/gltf/MaterialInstances_MR/MI_Opaque.uexp" 680
"../../../Engine/Plugins/Interchange/Runtime/Content/gltf/MaterialInstances_SG/MI_Translucent.uexp" 681
"../../../Engine/Plugins/Interchange/Runtime/Content/gltf/MaterialInstances_SG/MI_Translucent.uasset" 682
"../../../Engine/Plugins/Interchange/Runtime/Content/gltf/MaterialInstances_SG/MI_Opaque_ClearCoat.uexp" 683
"../../../Engine/Plugins/Interchange/Runtime/Content/gltf/MaterialInstances_SG/MI_Opaque_ClearCoat.uasset" 684
"../../../Engine/Plugins/Interchange/Runtime/Content/gltf/MaterialInstances_SG/MI_Opaque_ClearCoat_TS.uexp" 685
"../../../Engine/Plugins/Interchange/Runtime/Content/gltf/MaterialInstances_SG/MI_Opaque_ClearCoat_TS.uasset" 686
"../../../Engine/Plugins/Interchange/Runtime/Content/gltf/MaterialInstances_SG/MI_Opaque_TS.uexp" 687
"../../../Engine/Plugins/Interchange/Runtime/Content/gltf/MaterialInstances_SG/MI_Opaque_TS.uasset" 688
"../../../Engine/Plugins/Interchange/Runtime/Content/gltf/MaterialInstances_SG/MI_Transmission.uasset" 689
"../../../Engine/Plugins/Interchange/Runtime/Content/gltf/MaterialInstances_SG/MI_Transmission.uexp" 690
"../../../Engine/Plugins/Interchange/Runtime/Content/gltf/MaterialInstances_SG/MI_Translucent_ClearCoat.uexp" 691
"../../../Engine/Plugins/Interchange/Runtime/Content/gltf/MaterialInstances_SG/MI_Translucent_ClearCoat.uasset" 692
"../../../Engine/Plugins/Interchange/Runtime/Content/gltf/MaterialInstances_SG/MI_Opaque_Sheen_TS.uasset" 693
"../../../Engine/Plugins/Interchange/Runtime/Content/gltf/MaterialInstances_SG/MI_Opaque_Sheen_TS.uexp" 694
"../../../Engine/Plugins/Interchange/Runtime/Content/gltf/MaterialInstances_SG/MI_Opaque_Sheen.uexp" 695
"../../../Engine/Plugins/Interchange/Runtime/Content/gltf/MaterialInstances_SG/MI_Opaque_Sheen.uasset" 696
"../../../Engine/Plugins/Interchange/Runtime/Content/gltf/MaterialInstances_SG/MI_Translucent_TS.uasset" 697
"../../../Engine/Plugins/Interchange/Runtime/Content/gltf/MaterialInstances_SG/MI_Translucent_TS.uexp" 698
"../../../Engine/Plugins/Interchange/Runtime/Content/gltf/MaterialInstances_SG/MI_Translucent_ClearCoat_TS.uexp" 699
"../../../Engine/Plugins/Interchange/Runtime/Content/gltf/MaterialInstances_SG/MI_Translucent_ClearCoat_TS.uasset" 700
"../../../Engine/Plugins/Interchange/Runtime/Content/gltf/MaterialInstances_SG/MI_Transmission_TS.uasset" 701
"../../../Engine/Plugins/Interchange/Runtime/Content/gltf/MaterialInstances_SG/MI_Transmission_TS.uexp" 702
"../../../Engine/Plugins/Interchange/Runtime/Content/gltf/MaterialInstances_SG/MI_Opaque.uasset" 703
"../../../Engine/Plugins/Interchange/Runtime/Content/gltf/MaterialInstances_SG/MI_Opaque.uexp" 704
"../../../Engine/Plugins/Interchange/Runtime/Content/gltf/Textures/T_Gray_Linear.uexp" 705
"../../../Engine/Plugins/Interchange/Runtime/Content/gltf/Textures/T_Gray_Linear.uasset" 706
"../../../Engine/Plugins/Interchange/Runtime/Content/gltf/Textures/T_Black_srgb.uexp" 707
"../../../Engine/Plugins/Interchange/Runtime/Content/gltf/Textures/T_Black_srgb.uasset" 708
"../../../Engine/Content/EngineMaterials/DefaultNormal.uexp" 709
"../../../Engine/Content/EngineMaterials/DefaultNormal.ubulk" 710
"../../../Engine/Content/EngineMaterials/DefaultNormal.uasset" 711
"../../../Engine/Plugins/Interchange/Runtime/Content/Materials/MapOrScalarFunction.uexp" 712
"../../../Engine/Plugins/Interchange/Runtime/Content/Materials/MapOrScalarFunction.uasset" 713
"../../../Engine/Plugins/Interchange/Runtime/Content/Materials/MapOrLinearColorFunction.uexp" 714
"../../../Engine/Plugins/Interchange/Runtime/Content/Materials/MapOrLinearColorFunction.uasset" 715
"../../../Engine/Plugins/Interchange/Runtime/Content/Materials/MapOrColorFunction.uasset" 716
"../../../Engine/Plugins/Interchange/Runtime/Content/Materials/MapOrColorFunction.uexp" 717
"../../../Engine/Plugins/Interchange/Runtime/Content/Materials/CommonMaterial.uasset" 718
"../../../Engine/Plugins/Interchange/Runtime/Content/Materials/CommonMaterial.uexp" 719
"../../../Engine/Plugins/Interchange/Runtime/Content/Materials/PBRSurfaceFunction.uasset" 720
"../../../Engine/Plugins/Interchange/Runtime/Content/Materials/PBRSurfaceFunction.uexp" 721
"../../../Engine/Plugins/Interchange/Runtime/Content/Materials/PBRSurfaceMaterial.uasset" 722
"../../../Engine/Plugins/Interchange/Runtime/Content/Materials/PBRSurfaceMaterial.uexp" 723
"../../../Engine/Plugins/Interchange/Runtime/Content/Materials/UnlitMaterial.uexp" 724
"../../../Engine/Plugins/Interchange/Runtime/Content/Materials/UnlitMaterial.uasset" 725
"../../../Engine/Plugins/Interchange/Runtime/Content/Materials/SubsurfaceMaterial.uexp" 726
"../../../Engine/Plugins/Interchange/Runtime/Content/Materials/SubsurfaceMaterial.uasset" 727
"../../../Engine/Plugins/Interchange/Runtime/Content/Materials/LambertSurfaceMaterial.uasset" 728
"../../../Engine/Plugins/Interchange/Runtime/Content/Materials/LambertSurfaceMaterial.uexp" 729
"../../../Engine/Content/EngineMaterials/FlatNormal.uexp" 730
"../../../Engine/Content/EngineMaterials/FlatNormal.uasset" 731
"../../../Engine/Content/EditorLandscapeResources/WhiteSquareTexture.uasset" 732
"../../../Engine/Content/EditorLandscapeResources/WhiteSquareTexture.uexp" 733
"../../../Engine/Plugins/Interchange/Runtime/Content/Materials/OrenNayerMaterial.uexp" 734
"../../../Engine/Plugins/Interchange/Runtime/Content/Materials/OrenNayerMaterial.uasset" 735
"../../../Engine/Plugins/Interchange/Runtime/Content/Materials/ClearCoatMaterial.uexp" 736
"../../../Engine/Plugins/Interchange/Runtime/Content/Materials/ClearCoatMaterial.uasset" 737
"../../../Engine/Plugins/Interchange/Runtime/Content/Materials/ThinTranslucentMaterial.uasset" 738
"../../../Engine/Plugins/Interchange/Runtime/Content/Materials/ThinTranslucentMaterial.uexp" 739
"../../../Engine/Content/Functions/Engine_MaterialFunctions01/Shading/ConvertFromDiffSpec.uasset" 740
"../../../Engine/Content/Functions/Engine_MaterialFunctions01/Shading/ConvertFromDiffSpec.uexp" 741
"../../../Engine/Plugins/Interchange/Runtime/Content/Materials/PhongSurfaceMaterial.uasset" 742
"../../../Engine/Plugins/Interchange/Runtime/Content/Materials/PhongSurfaceMaterial.uexp" 743
"../../../Engine/Plugins/Interchange/Runtime/Content/Materials/SheenMaterial.uasset" 744
"../../../Engine/Plugins/Interchange/Runtime/Content/Materials/SheenMaterial.uexp" 745
"../../../Engine/Plugins/Interchange/Runtime/Content/Pipelines/DefaultMaterialPipeline.uexp" 746
"../../../Engine/Plugins/Interchange/Runtime/Content/Pipelines/DefaultMaterialPipeline.uasset" 747
"../../../Engine/Plugins/Interchange/Runtime/Content/Pipelines/DefaultAssetsPipeline.uexp" 748
"../../../Engine/Plugins/Interchange/Runtime/Content/Pipelines/DefaultAssetsPipeline.uasset" 749
"../../../Engine/Plugins/Interchange/Runtime/Content/Pipelines/DefaultSceneLevelPipeline.uexp" 750
"../../../Engine/Plugins/Interchange/Runtime/Content/Pipelines/DefaultSceneLevelPipeline.uasset" 751
"../../../Engine/Plugins/Interchange/Runtime/Content/Pipelines/DefaultSceneAssetsPipeline.uexp" 752
"../../../Engine/Plugins/Interchange/Runtime/Content/Pipelines/DefaultSceneAssetsPipeline.uasset" 753
"../../../Engine/Plugins/Interchange/Runtime/Content/Pipelines/DefaultTexturePipeline.uasset" 754
"../../../Engine/Plugins/Interchange/Runtime/Content/Pipelines/DefaultTexturePipeline.uexp" 755
"../../../Engine/Plugins/Media/MediaPlate/Content/T_MediaPlate.uasset" 756
"../../../Engine/Plugins/Media/MediaPlate/Content/T_MediaPlate.uexp" 757
"../../../Engine/Plugins/Media/MediaPlate/Content/M_MediaPlate.uexp" 758
"../../../Engine/Plugins/Media/MediaPlate/Content/M_MediaPlate.uasset" 759
"../../../Engine/Plugins/Runtime/MeshModelingToolset/Content/Materials/M_DynamicMeshComponentVtxColor.uasset" 760
"../../../Engine/Plugins/Runtime/MeshModelingToolset/Content/Materials/M_DynamicMeshComponentVtxColor.uexp" 761
"/home/anon/Documents/Unreal Projects/Build_1/Content/SFX/grunt-birthday.ubulk" 762
"/home/anon/Documents/Unreal Projects/Build_1/Content/SFX/grunt-birthday.uasset" 763
"/home/anon/Documents/Unreal Projects/Build_1/Content/SFX/grunt-birthday.uexp" 764
"../../../Engine/Plugins/FX/Niagara/Content/Enums/SpriteRenderer/ENiagara_ScaleSpriteSize.uexp" 765
"../../../Engine/Plugins/FX/Niagara/Content/Enums/SpriteRenderer/ENiagara_ScaleSpriteSize.uasset" 766
"../../../Engine/Plugins/FX/Niagara/Content/Enums/Transforms/ENiagara_MeshOrientationOptions.uasset" 767
"../../../Engine/Plugins/FX/Niagara/Content/Enums/Transforms/ENiagara_MeshOrientationOptions.uexp" 768
"../../../Engine/Plugins/FX/Niagara/Content/Enums/ENiagaraSphereDistributionMode.uexp" 769
"../../../Engine/Plugins/FX/Niagara/Content/Enums/ENiagaraSphereDistributionMode.uasset" 770
"../../../Engine/Plugins/FX/Niagara/Content/Enums/ENiagaraTorusDistributionMode.uexp" 771
"../../../Engine/Plugins/FX/Niagara/Content/Enums/ENiagaraTorusDistributionMode.uasset" 772
"../../../Engine/Plugins/FX/Niagara/Content/Enums/ENiagaraRandomnessMode.uasset" 773
"../../../Engine/Plugins/FX/Niagara/Content/Enums/ENiagaraRandomnessMode.uexp" 774
"../../../Engine/Plugins/FX/Niagara/Content/Enums/ENiagaraRandomnessEvaluation.uasset" 775
"../../../Engine/Plugins/FX/Niagara/Content/Enums/ENiagaraRandomnessEvaluation.uexp" 776
"../../../Engine/Plugins/FX/Niagara/Content/Enums/Location/ENiagara_LocationShapes.uasset" 777
"../../../Engine/Plugins/FX/Niagara/Content/Enums/Location/ENiagara_LocationShapes.uexp" 778
"../../../Engine/Plugins/FX/Niagara/Content/Enums/ENiagara_MassInitializationMode.uexp" 779
"../../../Engine/Plugins/FX/Niagara/Content/Enums/ENiagara_MassInitializationMode.uasset" 780
"../../../Engine/Plugins/FX/Niagara/Content/Enums/Location/ENiagara_CylinderMode.uasset" 781
"../../../Engine/Plugins/FX/Niagara/Content/Enums/Location/ENiagara_CylinderMode.uexp" 782
"../../../Engine/Plugins/FX/Niagara/Content/DefaultAssets/T_NiagaraUVDebug.ubulk" 783
"../../../Engine/Plugins/FX/Niagara/Content/DefaultAssets/T_NiagaraUVDebug.uexp" 784
"../../../Engine/Plugins/FX/Niagara/Content/DefaultAssets/T_NiagaraUVDebug.uasset" 785
"../../../Engine/Plugins/FX/Niagara/Content/DefaultAssets/M_NiagaraUVDebug.uexp" 786
"../../../Engine/Plugins/FX/Niagara/Content/DefaultAssets/M_NiagaraUVDebug.uasset" 787
"../../../Engine/Plugins/FX/Niagara/Content/Enums/ENiagaraDragCoefficientShapeMode.uexp" 788
"../../../Engine/Plugins/FX/Niagara/Content/Enums/ENiagaraDragCoefficientShapeMode.uasset" 789
"../../../Engine/Plugins/FX/Niagara/Content/Enums/ENiagaraAerodynamicDragPivotMode.uasset" 790
"../../../Engine/Plugins/FX/Niagara/Content/Enums/ENiagaraAerodynamicDragPivotMode.uexp" 791
"../../../Engine/Plugins/FX/Niagara/Content/Enums/ENiagaraVector4_Channels.uasset" 792
"../../../Engine/Plugins/FX/Niagara/Content/Enums/ENiagaraVector4_Channels.uexp" 793
"../../../Engine/Plugins/FX/Niagara/Content/Enums/ENiagaraMeshTransforms.uexp" 794
"../../../Engine/Plugins/FX/Niagara/Content/Enums/ENiagaraMeshTransforms.uasset" 795
"../../../Engine/Plugins/FX/Niagara/Content/Enums/ENiagara_PositionInitializationMode.uexp" 796
"../../../Engine/Plugins/FX/Niagara/Content/Enums/ENiagara_PositionInitializationMode.uasset" 797
"../../../Engine/Plugins/FX/Niagara/Content/Icons/Modules/T_Icon_Solver_LimitSpeed.uasset" 798
"../../../Engine/Plugins/FX/Niagara/Content/Icons/Modules/T_Icon_Solver_LimitSpeed.uexp" 799
"../../../Engine/Plugins/FX/Niagara/Content/Icons/Modules/T_Icon_Solver_RotationalSolve.uasset" 800
"../../../Engine/Plugins/FX/Niagara/Content/Icons/Modules/T_Icon_Solver_RotationalSolve.uexp" 801
"../../../Engine/Plugins/FX/Niagara/Content/Icons/Modules/T_Icon_Solver_LimitAccel.uexp" 802
"../../../Engine/Plugins/FX/Niagara/Content/Icons/Modules/T_Icon_Solver_LimitAccel.uasset" 803
"../../../Engine/Plugins/FX/Niagara/Content/Enums/ENiagara_SizeScaleMode.uasset" 804
"../../../Engine/Plugins/FX/Niagara/Content/Enums/ENiagara_SizeScaleMode.uexp" 805
"../../../Engine/Plugins/FX/Niagara/Content/Enums/ENiagara_UVFlippingMode.uexp" 806
"../../../Engine/Plugins/FX/Niagara/Content/Enums/ENiagara_UVFlippingMode.uasset" 807
"../../../Engine/Plugins/FX/Niagara/Content/Enums/Ribbons/ENiagara_UnsetDirectSetRandom.uasset" 808
"../../../Engine/Plugins/FX/Niagara/Content/Enums/Ribbons/ENiagara_UnsetDirectSetRandom.uexp" 809
"../../../Engine/Plugins/FX/Niagara/Content/Enums/ENiagara_LifetimeMode.uasset" 810
"../../../Engine/Plugins/FX/Niagara/Content/Enums/ENiagara_LifetimeMode.uexp" 811
"../../../Engine/Plugins/FX/Niagara/Content/Enums/Ribbons/ENiagara_UnsetDirectSet.uexp" 812
"../../../Engine/Plugins/FX/Niagara/Content/Enums/Ribbons/ENiagara_UnsetDirectSet.uasset" 813
"../../../Engine/Plugins/FX/Niagara/Content/Enums/ENiagara_SpriteRotationMode.uasset" 814
"../../../Engine/Plugins/FX/Niagara/Content/Enums/ENiagara_SpriteRotationMode.uexp" 815
"../../../Engine/Plugins/FX/Niagara/Content/Enums/ENiagara_ColorInitializationMode.uexp" 816
"../../../Engine/Plugins/FX/Niagara/Content/Enums/ENiagara_ColorInitializationMode.uasset" 817
"../../../Engine/Plugins/FX/Niagara/Content/Enums/ENiagaraChannelCorrelation.uexp" 818
"../../../Engine/Plugins/FX/Niagara/Content/Enums/ENiagaraChannelCorrelation.uasset" 819
"../../../Engine/Plugins/FX/Niagara/Content/Enums/Transforms/ENiagara_ScaleMode.uasset" 820
"../../../Engine/Plugins/FX/Niagara/Content/Enums/Transforms/ENiagara_ScaleMode.uexp" 821
"../../../Engine/Plugins/FX/Niagara/Content/Enums/Angles/ENiagara_AngleInput.uexp" 822
"../../../Engine/Plugins/FX/Niagara/Content/Enums/Angles/ENiagara_AngleInput.uasset" 823
"../../../Engine/Plugins/FX/Niagara/Content/Enums/Utility/ENiagara_VelocityMode.uexp" 824
"../../../Engine/Plugins/FX/Niagara/Content/Enums/Utility/ENiagara_VelocityMode.uasset" 825
"../../../Engine/Plugins/FX/Niagara/Content/Enums/Transforms/ENiagara_RotationMode.uexp" 826
"../../../Engine/Plugins/FX/Niagara/Content/Enums/Transforms/ENiagara_RotationMode.uasset" 827
"../../../Engine/Plugins/FX/Niagara/Content/Enums/ENiagaraEmitterLifeCycleMode.uasset" 828
"../../../Engine/Plugins/FX/Niagara/Content/Enums/ENiagaraEmitterLifeCycleMode.uexp" 829
"../../../Engine/Plugins/FX/Niagara/Content/Enums/ENiagara_InfiniteLoopDuration.uexp" 830
"../../../Engine/Plugins/FX/Niagara/Content/Enums/ENiagara_InfiniteLoopDuration.uasset" 831
"../../../Engine/Plugins/FX/Niagara/Content/Enums/ENiagara_EmitterStateOptions.uexp" 832
"../../../Engine/Plugins/FX/Niagara/Content/Enums/ENiagara_EmitterStateOptions.uasset" 833
"../../../Engine/Plugins/FX/Niagara/Content/Enums/ENiagaraInactiveMode.uexp" 834
"../../../Engine/Plugins/FX/Niagara/Content/Enums/ENiagaraInactiveMode.uasset" 835
"../../../Engine/Plugins/FX/Niagara/Content/Enums/ENiagaraExecutionStateManagement.uasset" 836
"../../../Engine/Plugins/FX/Niagara/Content/Enums/ENiagaraExecutionStateManagement.uexp" 837
"../../../Engine/Plugins/FX/Niagara/Content/Enums/ENiagaraEmitterScalabilityMode_Limited.uasset" 838
"../../../Engine/Plugins/FX/Niagara/Content/Enums/ENiagaraEmitterScalabilityMode_Limited.uexp" 839
"../../../Engine/Plugins/FX/Niagara/Content/Enums/Location/ENiagara_ConeMode.uexp" 840
"../../../Engine/Plugins/FX/Niagara/Content/Enums/Location/ENiagara_ConeMode.uasset" 841
"../../../Engine/Plugins/FX/Niagara/Content/Enums/ENiagara_AttributeSamplingApplyOutput.uasset" 842
"../../../Engine/Plugins/FX/Niagara/Content/Enums/ENiagara_AttributeSamplingApplyOutput.uexp" 843
"../../../Engine/Plugins/FX/Niagara/Content/Enums/Transforms/ENiagara_OffsetMode.uexp" 844
"../../../Engine/Plugins/FX/Niagara/Content/Enums/Transforms/ENiagara_OffsetMode.uasset" 845
"../../../Engine/Plugins/FX/Niagara/Content/Enums/Location/ENiagara_BoxPlaneMode.uasset" 846
"../../../Engine/Plugins/FX/Niagara/Content/Enums/Location/ENiagara_BoxPlaneMode.uexp" 847
"../../../Engine/Plugins/FX/Niagara/Content/Enums/Transforms/ENiagara_TransformOrder.uexp" 848
"../../../Engine/Plugins/FX/Niagara/Content/Enums/Transforms/ENiagara_TransformOrder.uasset" 849
"../../../Engine/Plugins/FX/Niagara/Content/Enums/Location/ENiagaraRingDiscMode.uasset" 850
"../../../Engine/Plugins/FX/Niagara/Content/Enums/Location/ENiagaraRingDiscMode.uexp" 851
"../../../Engine/Plugins/FX/Niagara/Content/Enums/ENiagaraShapeTorusMode.uasset" 852
"../../../Engine/Plugins/FX/Niagara/Content/Enums/ENiagaraShapeTorusMode.uexp" 853
"../../../Engine/Plugins/FX/Niagara/Content/Enums/ENiagaraExpansionMode.uasset" 854
"../../../Engine/Plugins/FX/Niagara/Content/Enums/ENiagaraExpansionMode.uexp" 855
"../../../Engine/Plugins/FX/Niagara/Content/Enums/Transforms/ENiagara_TransformType.uasset" 856
"../../../Engine/Plugins/FX/Niagara/Content/Enums/Transforms/ENiagara_TransformType.uexp" 857
"../../../Engine/Plugins/FX/Niagara/Content/Icons/Modules/T_Icon_Particle_InfiniteLife.uexp" 858
"../../../Engine/Plugins/FX/Niagara/Content/Icons/Modules/T_Icon_Particle_InfiniteLife.uasset" 859
"../../../Engine/Plugins/FX/Niagara/Content/Enums/ENiagaraSystemInactiveMode.uexp" 860
"../../../Engine/Plugins/FX/Niagara/Content/Enums/ENiagaraSystemInactiveMode.uasset" 861
"/home/anon/Documents/Unreal Projects/Build_1/Content/BluePrints/NS_Confetti_System.uexp" 862
"/home/anon/Documents/Unreal Projects/Build_1/Content/BluePrints/NS_Confetti_System.uasset" 863
"/home/anon/Documents/Unreal Projects/Build_1/Content/Models/CarBox.ubulk" 864
"/home/anon/Documents/Unreal Projects/Build_1/Content/Models/CarBox.uasset" 865
"/home/anon/Documents/Unreal Projects/Build_1/Content/Models/CarBox.uexp" 866
"/home/anon/Documents/Unreal Projects/Build_1/Content/ThirdPerson/Maps/Road.uasset" 867
"/home/anon/Documents/Unreal Projects/Build_1/Content/ThirdPerson/Maps/Road.uexp" 868
"/home/anon/Documents/Unreal Projects/Build_1/Content/BluePrints/Car.uasset" 869
"/home/anon/Documents/Unreal Projects/Build_1/Content/BluePrints/Car.uexp" 870
"/home/anon/Documents/Unreal Projects/Build_1/Content/ThirdPerson/Maps/_GENERATED/anon/CarBox.ubulk" 871
"/home/anon/Documents/Unreal Projects/Build_1/Content/ThirdPerson/Maps/_GENERATED/anon/CarBox.uasset" 872
"/home/anon/Documents/Unreal Projects/Build_1/Content/ThirdPerson/Maps/_GENERATED/anon/CarBox.uexp" 873
"/home/anon/Documents/Unreal Projects/Build_1/Content/StarterContent/Materials/M_AssetPlatform.uexp" 874
"/home/anon/Documents/Unreal Projects/Build_1/Content/StarterContent/Materials/M_AssetPlatform.uasset" 875
"/home/anon/Documents/Unreal Projects/Build_1/Content/Models/RoadMesh.uexp" 876
"/home/anon/Documents/Unreal Projects/Build_1/Content/Models/RoadMesh.ubulk" 877
"/home/anon/Documents/Unreal Projects/Build_1/Content/Models/RoadMesh.uasset" 878
"/home/anon/Documents/Unreal Projects/Build_1/Content/LevelPrototyping/Textures/T_GridChecker_A.ubulk" 879
"/home/anon/Documents/Unreal Projects/Build_1/Content/LevelPrototyping/Textures/T_GridChecker_A.uasset" 880
"/home/anon/Documents/Unreal Projects/Build_1/Content/LevelPrototyping/Textures/T_GridChecker_A.uexp" 881
"../../../Engine/Content/Functions/Engine_MaterialFunctions01/Gradient/LinearGradient.uexp" 882
"../../../Engine/Content/Functions/Engine_MaterialFunctions01/Gradient/LinearGradient.uasset" 883
"../../../Engine/Content/Functions/Engine_MaterialFunctions01/ImageAdjustment/CheapContrast.uexp" 884
"../../../Engine/Content/Functions/Engine_MaterialFunctions01/ImageAdjustment/CheapContrast.uasset" 885
"/home/anon/Documents/Unreal Projects/Build_1/Content/LevelPrototyping/Materials/MF_ProcGrid.uexp" 886
"/home/anon/Documents/Unreal Projects/Build_1/Content/LevelPrototyping/Materials/MF_ProcGrid.uasset" 887
"/home/anon/Documents/Unreal Projects/Build_1/Content/LevelPrototyping/Materials/M_PrototypeGrid.uexp" 888
"/home/anon/Documents/Unreal Projects/Build_1/Content/LevelPrototyping/Materials/M_PrototypeGrid.uasset" 889
"/home/anon/Documents/Unreal Projects/Build_1/Content/LevelPrototyping/Materials/MI_PrototypeGrid_Gray.uasset" 890
"/home/anon/Documents/Unreal Projects/Build_1/Content/LevelPrototyping/Materials/MI_PrototypeGrid_Gray.uexp" 891
"/home/anon/Documents/Unreal Projects/Build_1/Content/LevelPrototyping/Meshes/SM_Cube.uexp" 892
"/home/anon/Documents/Unreal Projects/Build_1/Content/LevelPrototyping/Meshes/SM_Cube.ubulk" 893
"/home/anon/Documents/Unreal Projects/Build_1/Content/LevelPrototyping/Meshes/SM_Cube.uasset" 894
"../../../Engine/Content/Maps/Entry_BuiltData.uexp" 895
"../../../Engine/Content/Maps/Entry_BuiltData.uasset" 896
"../../../Engine/Content/Maps/Entry.umap" 897
"../../../Engine/Content/Maps/Entry.uexp" 898
"../../../Engine/Content/Maps/Templates/HLODs/HLODLayer_Instanced.uasset" 899
"../../../Engine/Content/Maps/Templates/HLODs/HLODLayer_Instanced.uexp" 900
"/home/anon/Documents/Unreal Projects/Build_1/Content/Characters/Mannequins/Meshes/SK_Mannequin.uasset" 901
"/home/anon/Documents/Unreal Projects/Build_1/Content/Characters/Mannequins/Meshes/SK_Mannequin.uexp" 902
"/home/anon/Documents/Unreal Projects/Build_1/Content/Characters/Mannequins/Textures/Quinn/T_Quinn_02ID_MSR_MSK.uasset" 903
"/home/anon/Documents/Unreal Projects/Build_1/Content/Characters/Mannequins/Textures/Quinn/T_Quinn_02ID_MSR_MSK.ubulk" 904
"/home/anon/Documents/Unreal Projects/Build_1/Content/Characters/Mannequins/Textures/Quinn/T_Quinn_02ID_MSR_MSK.uexp" 905
"/home/anon/Documents/Unreal Projects/Build_1/Content/Characters/Mannequins/Textures/Quinn/T_Quinn_02ID_BN.ubulk" 906
"/home/anon/Documents/Unreal Projects/Build_1/Content/Characters/Mannequins/Textures/Quinn/T_Quinn_02ID_BN.uexp" 907
"/home/anon/Documents/Unreal Projects/Build_1/Content/Characters/Mannequins/Textures/Quinn/T_Quinn_02ID_BN.uasset" 908
"/home/anon/Documents/Unreal Projects/Build_1/Content/Characters/Mannequins/Textures/Quinn/T_Quinn_02_ASAOMASK_MSK.uasset" 909
"/home/anon/Documents/Unreal Projects/Build_1/Content/Characters/Mannequins/Textures/Quinn/T_Quinn_02_ASAOMASK_MSK.ubulk" 910
"/home/anon/Documents/Unreal Projects/Build_1/Content/Characters/Mannequins/Textures/Quinn/T_Quinn_02_ASAOMASK_MSK.uexp" 911
"/home/anon/Documents/Unreal Projects/Build_1/Content/Characters/Mannequins/Textures/Quinn/T_Quinn_02_CCRCCPlastic_MSK.uasset" 912
"/home/anon/Documents/Unreal Projects/Build_1/Content/Characters/Mannequins/Textures/Quinn/T_Quinn_02_CCRCCPlastic_MSK.uexp" 913
"/home/anon/Documents/Unreal Projects/Build_1/Content/Characters/Mannequins/Textures/Quinn/T_Quinn_02_CCRCCPlastic_MSK.ubulk" 914
"/home/anon/Documents/Unreal Projects/Build_1/Content/Characters/Mannequins/Textures/Quinn/T_Quinn_02ID_Tan.ubulk" 915
"/home/anon/Documents/Unreal Projects/Build_1/Content/Characters/Mannequins/Textures/Quinn/T_Quinn_02ID_Tan.uasset" 916
"/home/anon/Documents/Unreal Projects/Build_1/Content/Characters/Mannequins/Textures/Quinn/T_Quinn_02ID_Tan.uexp" 917
"/home/anon/Documents/Unreal Projects/Build_1/Content/Characters/Mannequins/Textures/Quinn/T_Quinn_02ID_D.uexp" 918
"/home/anon/Documents/Unreal Projects/Build_1/Content/Characters/Mannequins/Textures/Quinn/T_Quinn_02ID_D.uasset" 919
"/home/anon/Documents/Unreal Projects/Build_1/Content/Characters/Mannequins/Textures/Quinn/T_Quinn_02ID_D.ubulk" 920
"/home/anon/Documents/Unreal Projects/Build_1/Content/Characters/Mannequins/Textures/Quinn/T_Quinn_01ID_MSR_MSK.uasset" 921
"/home/anon/Documents/Unreal Projects/Build_1/Content/Characters/Mannequins/Textures/Quinn/T_Quinn_01ID_MSR_MSK.ubulk" 922
"/home/anon/Documents/Unreal Projects/Build_1/Content/Characters/Mannequins/Textures/Quinn/T_Quinn_01ID_MSR_MSK.uexp" 923
"/home/anon/Documents/Unreal Projects/Build_1/Content/Characters/Mannequins/Materials/Functions/ChromaticCurve.uasset" 924
"/home/anon/Documents/Unreal Projects/Build_1/Content/Characters/Mannequins/Materials/Functions/ChromaticCurve.uexp" 925
"/home/anon/Documents/Unreal Projects/Build_1/Content/Characters/Mannequins/Materials/Functions/CA_Mannequin.uexp" 926
"/home/anon/Documents/Unreal Projects/Build_1/Content/Characters/Mannequins/Materials/Functions/CA_Mannequin.uasset" 927
"/home/anon/Documents/Unreal Projects/Build_1/Content/Characters/Mannequins/Materials/Functions/MF_Diffraction.uasset" 928
"/home/anon/Documents/Unreal Projects/Build_1/Content/Characters/Mannequins/Materials/Functions/MF_Diffraction.uexp" 929
"/home/anon/Documents/Unreal Projects/Build_1/Content/Characters/Mannequins/Textures/Manny/T_Manny_01_N.uexp" 930
"/home/anon/Documents/Unreal Projects/Build_1/Content/Characters/Mannequins/Textures/Manny/T_Manny_01_N.uasset" 931
"/home/anon/Documents/Unreal Projects/Build_1/Content/Characters/Mannequins/Textures/Manny/T_Manny_01_N.ubulk" 932
"/home/anon/Documents/Unreal Projects/Build_1/Content/Characters/Mannequins/Materials/Functions/ML_BaseColorFallOff.uexp" 933
"/home/anon/Documents/Unreal Projects/Build_1/Content/Characters/Mannequins/Materials/Functions/ML_BaseColorFallOff.uasset" 934
"../../../Engine/Content/Functions/Engine_MaterialFunctions01/Texturing/ScaleUVsByCenter.uasset" 935
"../../../Engine/Content/Functions/Engine_MaterialFunctions01/Texturing/ScaleUVsByCenter.uexp" 936
"/home/anon/Documents/Unreal Projects/Build_1/Content/Characters/Mannequins/Textures/Shared/T_UE_Logo_M.uexp" 937
"/home/anon/Documents/Unreal Projects/Build_1/Content/Characters/Mannequins/Textures/Shared/T_UE_Logo_M.uasset" 938
"/home/anon/Documents/Unreal Projects/Build_1/Content/Characters/Mannequins/Materials/Functions/MF_logo3layers.uasset" 939
"/home/anon/Documents/Unreal Projects/Build_1/Content/Characters/Mannequins/Materials/Functions/MF_logo3layers.uexp" 940
"/home/anon/Documents/Unreal Projects/Build_1/Content/Characters/Mannequins/Textures/Manny/T_Manny_01_CCRCCPlastic_MSK.uexp" 941
"/home/anon/Documents/Unreal Projects/Build_1/Content/Characters/Mannequins/Textures/Manny/T_Manny_01_CCRCCPlastic_MSK.uasset" 942
"/home/anon/Documents/Unreal Projects/Build_1/Content/Characters/Mannequins/Textures/Manny/T_Manny_01_CCRCCPlastic_MSK.ubulk" 943
"/home/anon/Documents/Unreal Projects/Build_1/Content/Characters/Mannequins/Textures/Manny/T_Manny_01_ASAOPMASK_MSK.uexp" 944
"/home/anon/Documents/Unreal Projects/Build_1/Content/Characters/Mannequins/Textures/Manny/T_Manny_01_ASAOPMASK_MSK.uasset" 945
"/home/anon/Documents/Unreal Projects/Build_1/Content/Characters/Mannequins/Textures/Manny/T_Manny_01_ASAOPMASK_MSK.ubulk" 946
"/home/anon/Documents/Unreal Projects/Build_1/Content/Characters/Mannequins/Textures/Manny/T_Manny_01_MSR_MSK.ubulk" 947
"/home/anon/Documents/Unreal Projects/Build_1/Content/Characters/Mannequins/Textures/Manny/T_Manny_01_MSR_MSK.uasset" 948
"/home/anon/Documents/Unreal Projects/Build_1/Content/Characters/Mannequins/Textures/Manny/T_Manny_01_MSR_MSK.uexp" 949
"/home/anon/Documents/Unreal Projects/Build_1/Content/Characters/Mannequins/Textures/Manny/T_Manny_01_BN.uasset" 950
"/home/anon/Documents/Unreal Projects/Build_1/Content/Characters/Mannequins/Textures/Manny/T_Manny_01_BN.ubulk" 951
"/home/anon/Documents/Unreal Projects/Build_1/Content/Characters/Mannequins/Textures/Manny/T_Manny_01_BN.uexp" 952
"/home/anon/Documents/Unreal Projects/Build_1/Content/Characters/Mannequins/Textures/Manny/T_Manny_01_D.ubulk" 953
"/home/anon/Documents/Unreal Projects/Build_1/Content/Characters/Mannequins/Textures/Manny/T_Manny_01_D.uasset" 954
"/home/anon/Documents/Unreal Projects/Build_1/Content/Characters/Mannequins/Textures/Manny/T_Manny_01_D.uexp" 955
"/home/anon/Documents/Unreal Projects/Build_1/Content/Characters/Mannequins/Textures/Manny/T_Manny_01_Tan.ubulk" 956
"/home/anon/Documents/Unreal Projects/Build_1/Content/Characters/Mannequins/Textures/Manny/T_Manny_01_Tan.uasset" 957
"/home/anon/Documents/Unreal Projects/Build_1/Content/Characters/Mannequins/Textures/Manny/T_Manny_01_Tan.uexp" 958
"/home/anon/Documents/Unreal Projects/Build_1/Content/Characters/Mannequins/Materials/M_Mannequin.uexp" 959
"/home/anon/Documents/Unreal Projects/Build_1/Content/Characters/Mannequins/Materials/M_Mannequin.uasset" 960
"/home/anon/Documents/Unreal Projects/Build_1/Content/Characters/Mannequins/Textures/Quinn/T_Quinn_01_ASAOMASK_MSK.uexp" 961
"/home/anon/Documents/Unreal Projects/Build_1/Content/Characters/Mannequins/Textures/Quinn/T_Quinn_01_ASAOMASK_MSK.ubulk" 962
"/home/anon/Documents/Unreal Projects/Build_1/Content/Characters/Mannequins/Textures/Quinn/T_Quinn_01_ASAOMASK_MSK.uasset" 963
"/home/anon/Documents/Unreal Projects/Build_1/Content/Characters/Mannequins/Textures/Quinn/T_Quinn_01ID_N.ubulk" 964
"/home/anon/Documents/Unreal Projects/Build_1/Content/Characters/Mannequins/Textures/Quinn/T_Quinn_01ID_N.uexp" 965
"/home/anon/Documents/Unreal Projects/Build_1/Content/Characters/Mannequins/Textures/Quinn/T_Quinn_01ID_N.uasset" 966
"/home/anon/Documents/Unreal Projects/Build_1/Content/Characters/Mannequins/Textures/Quinn/T_Quinn_01ID_BN.uasset" 967
"/home/anon/Documents/Unreal Projects/Build_1/Content/Characters/Mannequins/Textures/Quinn/T_Quinn_01ID_BN.ubulk" 968
"/home/anon/Documents/Unreal Projects/Build_1/Content/Characters/Mannequins/Textures/Quinn/T_Quinn_01ID_BN.uexp" 969
"/home/anon/Documents/Unreal Projects/Build_1/Content/Characters/Mannequins/Textures/Quinn/T_Quinn_01ID_D.ubulk" 970
"/home/anon/Documents/Unreal Projects/Build_1/Content/Characters/Mannequins/Textures/Quinn/T_Quinn_01ID_D.uexp" 971
"/home/anon/Documents/Unreal Projects/Build_1/Content/Characters/Mannequins/Textures/Quinn/T_Quinn_01ID_D.uasset" 972
"/home/anon/Documents/Unreal Projects/Build_1/Content/Characters/Mannequins/Textures/Quinn/T_Quinn_01ID_Tan.uexp" 973
"/home/anon/Documents/Unreal Projects/Build_1/Content/Characters/Mannequins/Textures/Quinn/T_Quinn_01ID_Tan.uasset" 974
"/home/anon/Documents/Unreal Projects/Build_1/Content/Characters/Mannequins/Textures/Quinn/T_Quinn_01ID_Tan.ubulk" 975
"/home/anon/Documents/Unreal Projects/Build_1/Content/Characters/Mannequins/Textures/Quinn/T_Quinn_01_CCRCCPlastic_MSK.ubulk" 976
"/home/anon/Documents/Unreal Projects/Build_1/Content/Characters/Mannequins/Textures/Quinn/T_Quinn_01_CCRCCPlastic_MSK.uasset" 977
"/home/anon/Documents/Unreal Projects/Build_1/Content/Characters/Mannequins/Textures/Quinn/T_Quinn_01_CCRCCPlastic_MSK.uexp" 978
"/home/anon/Documents/Unreal Projects/Build_1/Content/Characters/Mannequins/Materials/Instances/Quinn/MI_Quinn_01.uexp" 979
"/home/anon/Documents/Unreal Projects/Build_1/Content/Characters/Mannequins/Materials/Instances/Quinn/MI_Quinn_01.uasset" 980
"/home/anon/Documents/Unreal Projects/Build_1/Content/Characters/Mannequins/Textures/Quinn/T_Quinn_02ID_N.uexp" 981
"/home/anon/Documents/Unreal Projects/Build_1/Content/Characters/Mannequins/Textures/Quinn/T_Quinn_02ID_N.uasset" 982
"/home/anon/Documents/Unreal Projects/Build_1/Content/Characters/Mannequins/Textures/Quinn/T_Quinn_02ID_N.ubulk" 983
"/home/anon/Documents/Unreal Projects/Build_1/Content/Characters/Mannequins/Materials/Instances/Quinn/MI_Quinn_02.uasset" 984
"/home/anon/Documents/Unreal Projects/Build_1/Content/Characters/Mannequins/Materials/Instances/Quinn/MI_Quinn_02.uexp" 985
"/home/anon/Documents/Unreal Projects/Build_1/Content/Characters/Mannequins/Rigs/PA_Mannequin.uasset" 986
"/home/anon/Documents/Unreal Projects/Build_1/Content/Characters/Mannequins/Rigs/PA_Mannequin.uexp" 987
"/home/anon/Documents/Unreal Projects/Build_1/Content/Characters/Mannequins/Meshes/SKM_Quinn_Simple.uexp" 988
"/home/anon/Documents/Unreal Projects/Build_1/Content/Characters/Mannequins/Meshes/SKM_Quinn_Simple.uasset" 989
"/home/anon/Documents/Unreal Projects/Build_1/Content/ThirdPerson/Input/Actions/IA_Jump.uexp" 990
"/home/anon/Documents/Unreal Projects/Build_1/Content/ThirdPerson/Input/Actions/IA_Jump.uasset" 991
"/home/anon/Documents/Unreal Projects/Build_1/Content/ThirdPerson/Input/Actions/IA_Look.uexp" 992
"/home/anon/Documents/Unreal Projects/Build_1/Content/ThirdPerson/Input/Actions/IA_Look.uasset" 993
"/home/anon/Documents/Unreal Projects/Build_1/Content/ThirdPerson/Input/Actions/IA_Move.uexp" 994
"/home/anon/Documents/Unreal Projects/Build_1/Content/ThirdPerson/Input/Actions/IA_Move.uasset" 995
"/home/anon/Documents/Unreal Projects/Build_1/Content/ThirdPerson/Input/IMC_Default.uexp" 996
"/home/anon/Documents/Unreal Projects/Build_1/Content/ThirdPerson/Input/IMC_Default.uasset" 997
"../../../Engine/Content/Animation/DefaultAnimCurveCompressionSettings.uasset" 998
"../../../Engine/Content/Animation/DefaultAnimCurveCompressionSettings.uexp" 999
"../../../Engine/Content/Animation/DefaultAnimBoneCompressionSettings.uasset" 1000
"../../../Engine/Content/Animation/DefaultAnimBoneCompressionSettings.uexp" 1001
"/home/anon/Documents/Unreal Projects/Build_1/Content/Characters/Mannequins/Animations/Quinn/MF_Run_Fwd.uexp" 1002
"/home/anon/Documents/Unreal Projects/Build_1/Content/Characters/Mannequins/Animations/Quinn/MF_Run_Fwd.uasset" 1003
"/home/anon/Documents/Unreal Projects/Build_1/Content/Characters/Mannequins/Animations/Quinn/MF_Walk_Fwd.uexp" 1004
"/home/anon/Documents/Unreal Projects/Build_1/Content/Characters/Mannequins/Animations/Quinn/MF_Walk_Fwd.uasset" 1005
"../../../Engine/Content/Animation/DefaultRecorderBoneCompression.uasset" 1006
"../../../Engine/Content/Animation/DefaultRecorderBoneCompression.uexp" 1007
"/home/anon/Documents/Unreal Projects/Build_1/Content/Characters/Mannequins/Animations/Manny/MM_Walk_InPlace.uasset" 1008
"/home/anon/Documents/Unreal Projects/Build_1/Content/Characters/Mannequins/Animations/Manny/MM_Walk_InPlace.uexp" 1009
"/home/anon/Documents/Unreal Projects/Build_1/Content/Characters/Mannequins/Animations/Quinn/BS_MF_Unarmed_WalkRun.uexp" 1010
"/home/anon/Documents/Unreal Projects/Build_1/Content/Characters/Mannequins/Animations/Quinn/BS_MF_Unarmed_WalkRun.uasset" 1011
"/home/anon/Documents/Unreal Projects/Build_1/Content/Characters/Mannequins/Animations/Quinn/MF_Idle.uexp" 1012
"/home/anon/Documents/Unreal Projects/Build_1/Content/Characters/Mannequins/Animations/Quinn/MF_Idle.uasset" 1013
"/home/anon/Documents/Unreal Projects/Build_1/Content/Characters/Mannequins/Animations/Manny/MM_Fall_Loop.uasset" 1014
"/home/anon/Documents/Unreal Projects/Build_1/Content/Characters/Mannequins/Animations/Manny/MM_Fall_Loop.uexp" 1015
"/home/anon/Documents/Unreal Projects/Build_1/Content/Characters/Mannequins/Animations/Manny/MM_Jump.uasset" 1016
"/home/anon/Documents/Unreal Projects/Build_1/Content/Characters/Mannequins/Animations/Manny/MM_Jump.uexp" 1017
"../../../Engine/Plugins/Animation/ControlRig/Content/Controls/DefaultGizmoLibrary.uexp" 1018
"../../../Engine/Plugins/Animation/ControlRig/Content/Controls/DefaultGizmoLibrary.uasset" 1019
"/home/anon/Documents/Unreal Projects/Build_1/Content/Characters/Mannequins/Rigs/CR_Mannequin_BasicFootIK.uexp" 1020
"/home/anon/Documents/Unreal Projects/Build_1/Content/Characters/Mannequins/Rigs/CR_Mannequin_BasicFootIK.uasset" 1021
"/home/anon/Documents/Unreal Projects/Build_1/Content/Characters/Mannequins/Animations/Manny/MM_Run_Fwd.uasset" 1022
"/home/anon/Documents/Unreal Projects/Build_1/Content/Characters/Mannequins/Animations/Manny/MM_Run_Fwd.uexp" 1023
"/home/anon/Documents/Unreal Projects/Build_1/Content/Characters/Mannequins/Animations/Manny/MM_Walk_Fwd.uasset" 1024
"/home/anon/Documents/Unreal Projects/Build_1/Content/Characters/Mannequins/Animations/Manny/MM_Walk_Fwd.uexp" 1025
"/home/anon/Documents/Unreal Projects/Build_1/Content/Characters/Mannequins/Animations/Manny/BS_MM_WalkRun.uexp" 1026
"/home/anon/Documents/Unreal Projects/Build_1/Content/Characters/Mannequins/Animations/Manny/BS_MM_WalkRun.uasset" 1027
"/home/anon/Documents/Unreal Projects/Build_1/Content/Characters/Mannequins/Animations/Manny/MM_Land.uexp" 1028
"/home/anon/Documents/Unreal Projects/Build_1/Content/Characters/Mannequins/Animations/Manny/MM_Land.uasset" 1029
"/home/anon/Documents/Unreal Projects/Build_1/Content/Characters/Mannequins/Animations/Manny/MM_Idle.uexp" 1030
"/home/anon/Documents/Unreal Projects/Build_1/Content/Characters/Mannequins/Animations/Manny/MM_Idle.uasset" 1031
"/home/anon/Documents/Unreal Projects/Build_1/Content/Characters/Mannequins/Animations/ABP_Manny.uasset" 1032
"/home/anon/Documents/Unreal Projects/Build_1/Content/Characters/Mannequins/Animations/ABP_Manny.uexp" 1033
"/home/anon/Documents/Unreal Projects/Build_1/Content/Characters/Mannequins/Animations/ABP_Quinn.uasset" 1034
"/home/anon/Documents/Unreal Projects/Build_1/Content/Characters/Mannequins/Animations/ABP_Quinn.uexp" 1035
"../../../Engine/Content/EditorBlueprintResources/StandardMacros.uexp" 1036
"../../../Engine/Content/EditorBlueprintResources/StandardMacros.uasset" 1037
"/home/anon/Documents/Unreal Projects/Build_1/Content/ThirdPerson/Blueprints/BP_ThirdPersonCharacter.uasset" 1038
"/home/anon/Documents/Unreal Projects/Build_1/Content/ThirdPerson/Blueprints/BP_ThirdPersonCharacter.uexp" 1039
"/home/anon/Documents/Unreal Projects/Build_1/Content/ThirdPerson/Blueprints/BP_ThirdPersonGameMode.uasset" 1040
"/home/anon/Documents/Unreal Projects/Build_1/Content/ThirdPerson/Blueprints/BP_ThirdPersonGameMode.uexp" 1041
"/home/anon/Documents/Unreal Projects/Build_1/Content/ThirdPerson/Maps/ThirdPersonMap.uexp" 1042
"/home/anon/Documents/Unreal Projects/Build_1/Content/ThirdPerson/Maps/ThirdPersonMap.umap" 1043
